2026-05-04 00:00:14.420 [http-nio-9999-exec-10] WARN  com.alibaba.druid.pool.DruidAbstractDataSource - discard long time none received connection. , jdbcUrl : jdbc:mysql://localhost:3306/test?useUnicode=true&characterEncoding=utf-8&allowMultiQueries=true&useSSL=false&serverTimezone=GMT%2b8, version : 1.2.2, lastPacketReceivedIdleMillis : 88642
2026-05-04 00:00:14.421 [http-nio-9999-exec-3] WARN  com.alibaba.druid.pool.DruidAbstractDataSource - discard long time none received connection. , jdbcUrl : jdbc:mysql://localhost:3306/test?useUnicode=true&characterEncoding=utf-8&allowMultiQueries=true&useSSL=false&serverTimezone=GMT%2b8, version : 1.2.2, lastPacketReceivedIdleMillis : 88650
2026-05-04 00:00:14.421 [http-nio-9999-exec-7] WARN  com.alibaba.druid.pool.DruidAbstractDataSource - discard long time none received connection. , jdbcUrl : jdbc:mysql://localhost:3306/test?useUnicode=true&characterEncoding=utf-8&allowMultiQueries=true&useSSL=false&serverTimezone=GMT%2b8, version : 1.2.2, lastPacketReceivedIdleMillis : 88650
2026-05-04 00:00:14.421 [http-nio-9999-exec-8] WARN  com.alibaba.druid.pool.DruidAbstractDataSource - discard long time none received connection. , jdbcUrl : jdbc:mysql://localhost:3306/test?useUnicode=true&characterEncoding=utf-8&allowMultiQueries=true&useSSL=false&serverTimezone=GMT%2b8, version : 1.2.2, lastPacketReceivedIdleMillis : 88651
2026-05-04 00:00:14.436 [http-nio-9999-exec-6] INFO  com.example.controller.FileController - 文件下载 - flag: 1619007548868, 文件: 1619007548868-v2-da81b32117040e545c3e728cdbaaebb4_1440w.jpg, IP: 0:0:0:0:0:0:0:1
2026-05-04 00:00:16.606 [http-nio-9999-exec-3] INFO  com.example.controller.FileController - 文件下载 - flag: 1619007548868, 文件: 1619007548868-v2-da81b32117040e545c3e728cdbaaebb4_1440w.jpg, IP: 0:0:0:0:0:0:0:1
2026-05-04 00:00:25.475 [http-nio-9999-exec-1] INFO  com.example.controller.FileController - 文件下载 - flag: 1619007548868, 文件: 1619007548868-v2-da81b32117040e545c3e728cdbaaebb4_1440w.jpg, IP: 0:0:0:0:0:0:0:1
2026-05-04 00:00:25.554 [http-nio-9999-exec-2] INFO  com.example.controller.FileController - 文件下载 - flag: 1619999075860, 文件: 1619999075860--608c9667f16ae395.jpg, IP: 0:0:0:0:0:0:0:1
2026-05-04 00:00:25.558 [http-nio-9999-exec-4] INFO  com.example.controller.FileController - 文件下载 - flag: 1619974780054, 文件: 1619974780054-IMG_20210131_094431.jpg, IP: 0:0:0:0:0:0:0:1
2026-05-04 00:00:25.558 [http-nio-9999-exec-3] INFO  com.example.controller.FileController - 文件下载 - flag: 1620199166487, 文件: 1620199166487-IMG_20210131_094422.jpg, IP: 0:0:0:0:0:0:0:1
2026-05-04 00:00:25.558 [http-nio-9999-exec-10] INFO  com.example.controller.FileController - 文件下载 - flag: 1619980059403, 文件: 1619980059403-613bd821af28f1f79b8bbf028ab06b77.jpg, IP: 0:0:0:0:0:0:0:1
2026-05-04 00:00:25.558 [http-nio-9999-exec-5] INFO  com.example.controller.FileController - 文件下载 - flag: 1619974758837, 文件: 1619974758837-613bd821af28f1f79b8bbf028ab06b77.jpg, IP: 0:0:0:0:0:0:0:1
2026-05-04 00:00:25.558 [http-nio-9999-exec-6] INFO  com.example.controller.FileController - 文件下载 - flag: 1619974742741, 文件: 1619974742741-89ce97956de2979f8c9481c233f4cc08.jpg, IP: 0:0:0:0:0:0:0:1
2026-05-04 00:00:30.116 [http-nio-9999-exec-10] INFO  com.example.controller.FileController - 文件下载 - flag: 1619007548868, 文件: 1619007548868-v2-da81b32117040e545c3e728cdbaaebb4_1440w.jpg, IP: 0:0:0:0:0:0:0:1
2026-05-04 00:03:49.434 [http-nio-9999-exec-3] WARN  com.alibaba.druid.pool.DruidAbstractDataSource - discard long time none received connection. , jdbcUrl : jdbc:mysql://localhost:3306/test?useUnicode=true&characterEncoding=utf-8&allowMultiQueries=true&useSSL=false&serverTimezone=GMT%2b8, version : 1.2.2, lastPacketReceivedIdleMillis : 199321
2026-05-04 00:03:49.434 [http-nio-9999-exec-3] WARN  com.alibaba.druid.pool.DruidAbstractDataSource - discard long time none received connection. , jdbcUrl : jdbc:mysql://localhost:3306/test?useUnicode=true&characterEncoding=utf-8&allowMultiQueries=true&useSSL=false&serverTimezone=GMT%2b8, version : 1.2.2, lastPacketReceivedIdleMillis : 212826
2026-05-04 00:03:49.434 [http-nio-9999-exec-6] WARN  com.alibaba.druid.pool.DruidAbstractDataSource - discard long time none received connection. , jdbcUrl : jdbc:mysql://localhost:3306/test?useUnicode=true&characterEncoding=utf-8&allowMultiQueries=true&useSSL=false&serverTimezone=GMT%2b8, version : 1.2.2, lastPacketReceivedIdleMillis : 212826
2026-05-04 00:03:49.435 [http-nio-9999-exec-3] WARN  com.alibaba.druid.pool.DruidAbstractDataSource - discard long time none received connection. , jdbcUrl : jdbc:mysql://localhost:3306/test?useUnicode=true&characterEncoding=utf-8&allowMultiQueries=true&useSSL=false&serverTimezone=GMT%2b8, version : 1.2.2, lastPacketReceivedIdleMillis : 212825
2026-05-04 00:03:49.455 [http-nio-9999-exec-2] INFO  com.example.controller.FileController - 文件下载 - flag: 1619007548868, 文件: 1619007548868-v2-da81b32117040e545c3e728cdbaaebb4_1440w.jpg, IP: 0:0:0:0:0:0:0:1
2026-05-04 00:03:51.013 [http-nio-9999-exec-4] INFO  com.example.controller.FileController - 文件下载 - flag: 1619007548868, 文件: 1619007548868-v2-da81b32117040e545c3e728cdbaaebb4_1440w.jpg, IP: 0:0:0:0:0:0:0:1
2026-05-04 00:03:53.878 [http-nio-9999-exec-5] INFO  com.example.controller.FileController - 文件下载 - flag: 1619007548868, 文件: 1619007548868-v2-da81b32117040e545c3e728cdbaaebb4_1440w.jpg, IP: 0:0:0:0:0:0:0:1
2026-05-04 00:03:55.039 [http-nio-9999-exec-2] INFO  com.example.controller.FileController - 文件下载 - flag: 1619007548868, 文件: 1619007548868-v2-da81b32117040e545c3e728cdbaaebb4_1440w.jpg, IP: 0:0:0:0:0:0:0:1
2026-05-04 00:03:55.493 [http-nio-9999-exec-7] INFO  com.example.controller.FileController - 文件下载 - flag: 1619007548868, 文件: 1619007548868-v2-da81b32117040e545c3e728cdbaaebb4_1440w.jpg, IP: 0:0:0:0:0:0:0:1
2026-05-04 00:03:55.866 [http-nio-9999-exec-6] INFO  com.example.controller.FileController - 文件下载 - flag: 1619007548868, 文件: 1619007548868-v2-da81b32117040e545c3e728cdbaaebb4_1440w.jpg, IP: 0:0:0:0:0:0:0:1
2026-05-04 00:03:57.011 [http-nio-9999-exec-3] INFO  com.example.controller.FileController - 文件下载 - flag: 1619007548868, 文件: 1619007548868-v2-da81b32117040e545c3e728cdbaaebb4_1440w.jpg, IP: 0:0:0:0:0:0:0:1
2026-05-04 00:04:05.418 [http-nio-9999-exec-2] INFO  com.example.controller.FileController - 文件下载 - flag: 1619007548868, 文件: 1619007548868-v2-da81b32117040e545c3e728cdbaaebb4_1440w.jpg, IP: 0:0:0:0:0:0:0:1
2026-05-04 00:04:36.939 [http-nio-9999-exec-9] INFO  com.example.controller.FileController - 文件下载 - flag: 1619007548868, 文件: 1619007548868-v2-da81b32117040e545c3e728cdbaaebb4_1440w.jpg, IP: 0:0:0:0:0:0:0:1
2026-05-04 00:04:37.016 [http-nio-9999-exec-7] INFO  com.example.controller.FileController - 文件下载 - flag: 1619974742741, 文件: 1619974742741-89ce97956de2979f8c9481c233f4cc08.jpg, IP: 0:0:0:0:0:0:0:1
2026-05-04 00:04:37.017 [http-nio-9999-exec-5] INFO  com.example.controller.FileController - 文件下载 - flag: 1619980059403, 文件: 1619980059403-613bd821af28f1f79b8bbf028ab06b77.jpg, IP: 0:0:0:0:0:0:0:1
2026-05-04 00:04:37.018 [http-nio-9999-exec-3] INFO  com.example.controller.FileController - 文件下载 - flag: 1620199166487, 文件: 1620199166487-IMG_20210131_094422.jpg, IP: 0:0:0:0:0:0:0:1
2026-05-04 00:04:37.018 [http-nio-9999-exec-6] INFO  com.example.controller.FileController - 文件下载 - flag: 1619974780054, 文件: 1619974780054-IMG_20210131_094431.jpg, IP: 0:0:0:0:0:0:0:1
2026-05-04 00:04:37.018 [http-nio-9999-exec-4] INFO  com.example.controller.FileController - 文件下载 - flag: 1619999075860, 文件: 1619999075860--608c9667f16ae395.jpg, IP: 0:0:0:0:0:0:0:1
2026-05-04 00:04:37.018 [http-nio-9999-exec-8] INFO  com.example.controller.FileController - 文件下载 - flag: 1619974758837, 文件: 1619974758837-613bd821af28f1f79b8bbf028ab06b77.jpg, IP: 0:0:0:0:0:0:0:1
2026-05-04 00:04:38.923 [http-nio-9999-exec-5] INFO  com.example.controller.FileController - 文件下载 - flag: 1619007548868, 文件: 1619007548868-v2-da81b32117040e545c3e728cdbaaebb4_1440w.jpg, IP: 0:0:0:0:0:0:0:1
2026-05-04 00:04:40.331 [http-nio-9999-exec-2] INFO  com.example.controller.FileController - 文件下载 - flag: 1619007548868, 文件: 1619007548868-v2-da81b32117040e545c3e728cdbaaebb4_1440w.jpg, IP: 0:0:0:0:0:0:0:1
2026-05-04 00:04:41.003 [http-nio-9999-exec-5] INFO  com.example.controller.FileController - 文件下载 - flag: 1619007548868, 文件: 1619007548868-v2-da81b32117040e545c3e728cdbaaebb4_1440w.jpg, IP: 0:0:0:0:0:0:0:1
2026-05-04 00:04:45.924 [http-nio-9999-exec-1] INFO  com.example.controller.FileController - 文件下载 - flag: 1619007548868, 文件: 1619007548868-v2-da81b32117040e545c3e728cdbaaebb4_1440w.jpg, IP: 0:0:0:0:0:0:0:1
2026-05-04 00:04:46.677 [http-nio-9999-exec-7] INFO  com.example.controller.FileController - 文件下载 - flag: 1619007548868, 文件: 1619007548868-v2-da81b32117040e545c3e728cdbaaebb4_1440w.jpg, IP: 0:0:0:0:0:0:0:1
2026-05-04 00:04:50.773 [http-nio-9999-exec-2] INFO  com.example.controller.FileController - 文件下载 - flag: 1619007548868, 文件: 1619007548868-v2-da81b32117040e545c3e728cdbaaebb4_1440w.jpg, IP: 0:0:0:0:0:0:0:1
2026-05-04 00:04:51.754 [http-nio-9999-exec-10] INFO  com.example.controller.FileController - 文件下载 - flag: 1619007548868, 文件: 1619007548868-v2-da81b32117040e545c3e728cdbaaebb4_1440w.jpg, IP: 0:0:0:0:0:0:0:1
2026-05-04 00:04:51.824 [http-nio-9999-exec-9] INFO  com.example.controller.FileController - 文件下载 - flag: 58c77a8475f8477fa3de72b1742aac21, 文件: 58c77a8475f8477fa3de72b1742aac21-0fa3343dc8b14dce635be7a9c28f60092b622.jpg, IP: 0:0:0:0:0:0:0:1
2026-05-04 00:04:51.825 [http-nio-9999-exec-7] INFO  com.example.controller.FileController - 文件下载 - flag: 1620662396281, 文件: 1620662396281-IMG_20210114_185849.jpg, IP: 0:0:0:0:0:0:0:1
2026-05-04 00:04:51.825 [http-nio-9999-exec-1] INFO  com.example.controller.FileController - 文件下载 - flag: 1620199166487, 文件: 1620199166487-IMG_20210131_094422.jpg, IP: 0:0:0:0:0:0:0:1
2026-05-04 00:04:51.825 [http-nio-9999-exec-8] INFO  com.example.controller.FileController - 文件下载 - flag: 1620199097977, 文件: 1620199097977-IMG_20201222_112807.jpg, IP: 0:0:0:0:0:0:0:1
2026-05-04 00:04:51.825 [http-nio-9999-exec-4] INFO  com.example.controller.FileController - 文件下载 - flag: 1620617530063, 文件: 1620617530063-qq_pic_merged_1609115058245.jpg, IP: 0:0:0:0:0:0:0:1
2026-05-04 00:04:51.825 [http-nio-9999-exec-3] INFO  com.example.controller.FileController - 文件下载 - flag: 1620006191125, 文件: 1620006191125-IMG_20201222_112911.jpg, IP: 0:0:0:0:0:0:0:1
2026-05-04 00:04:51.832 [http-nio-9999-exec-2] INFO  com.example.controller.FileController - 文件下载 - flag: 1619980059403, 文件: 1619980059403-613bd821af28f1f79b8bbf028ab06b77.jpg, IP: 0:0:0:0:0:0:0:1
2026-05-04 00:04:51.842 [http-nio-9999-exec-6] INFO  com.example.controller.FileController - 文件下载 - flag: 1619974780054, 文件: 1619974780054-IMG_20210131_094431.jpg, IP: 0:0:0:0:0:0:0:1
2026-05-04 00:04:51.844 [http-nio-9999-exec-5] INFO  com.example.controller.FileController - 文件下载 - flag: 1619010478231, 文件: 1619010478231-f4.jpg, IP: 0:0:0:0:0:0:0:1
2026-05-04 00:04:51.862 [http-nio-9999-exec-10] INFO  com.example.controller.FileController - 文件下载 - flag: 1619974758837, 文件: 1619974758837-613bd821af28f1f79b8bbf028ab06b77.jpg, IP: 0:0:0:0:0:0:0:1
2026-05-04 00:05:03.575 [http-nio-9999-exec-2] INFO  com.example.controller.FileController - 文件上传请求 - 用户: User(id=1, username=admin, password=$2a$10$LLMpirWMCsouuC/xjcG8xuTVifZkenPYngP4nlRgPcmIrCPUco7WK, email=111124444@.com, phone=13978786565, avatar=1619007548868, role=[{id=1, name=超级管理员, description=null, permission=null}], permission=[{id=3, name=权限管理, path=/page/end/permission.html, description=权限管理, flag=permission}, {id=2, name=角色管理, path=/page/end/role.html, description=角色管理, flag=role}, {id=1, name=用户管理, path=/page/end/user.html, description=用户管理, flag=user}]), 文件名: p2919083962.webp, 大小: 45180bytes
2026-05-04 00:05:03.585 [http-nio-9999-exec-2] INFO  com.example.controller.FileController - 文件上传成功 - flag: 5945c17d4af443dca4ad6fb0d439b70f, 文件名: p2919083962.webp
2026-05-04 00:05:03.611 [http-nio-9999-exec-5] INFO  com.example.controller.FileController - 文件下载 - flag: 5945c17d4af443dca4ad6fb0d439b70f, 文件: 5945c17d4af443dca4ad6fb0d439b70f-p2919083962.webp, IP: 0:0:0:0:0:0:0:1
2026-05-04 00:05:15.726 [http-nio-9999-exec-10] WARN  com.example.controller.FileController - 文件未找到 - flag: undefined, IP: 0:0:0:0:0:0:0:1
2026-05-04 00:05:47.414 [http-nio-9999-exec-8] WARN  com.alibaba.druid.pool.DruidAbstractDataSource - discard long time none received connection. , jdbcUrl : jdbc:mysql://localhost:3306/test?useUnicode=true&characterEncoding=utf-8&allowMultiQueries=true&useSSL=false&serverTimezone=GMT%2b8, version : 1.2.2, lastPacketReceivedIdleMillis : 61486
2026-05-04 00:05:47.434 [http-nio-9999-exec-5] INFO  com.example.controller.FileController - 文件下载 - flag: 1, 文件: 58c77a8475f8477fa3de72b1742aac21-0fa3343dc8b14dce635be7a9c28f60092b622.jpg, IP: 0:0:0:0:0:0:0:1
2026-05-04 00:05:56.314 [http-nio-9999-exec-8] INFO  com.example.controller.FileController - 文件下载 - flag: 1, 文件: 58c77a8475f8477fa3de72b1742aac21-0fa3343dc8b14dce635be7a9c28f60092b622.jpg, IP: 0:0:0:0:0:0:0:1
2026-05-04 00:05:58.066 [http-nio-9999-exec-1] INFO  com.example.controller.FileController - 文件下载 - flag: 1, 文件: 58c77a8475f8477fa3de72b1742aac21-0fa3343dc8b14dce635be7a9c28f60092b622.jpg, IP: 0:0:0:0:0:0:0:1
2026-05-04 00:05:58.105 [http-nio-9999-exec-4] INFO  com.example.controller.FileController - 文件下载 - flag: 1619980059403, 文件: 1619980059403-613bd821af28f1f79b8bbf028ab06b77.jpg, IP: 0:0:0:0:0:0:0:1
2026-05-04 00:12:23.212 [http-nio-9999-exec-4] WARN  com.alibaba.druid.pool.DruidAbstractDataSource - discard long time none received connection. , jdbcUrl : jdbc:mysql://localhost:3306/test?useUnicode=true&characterEncoding=utf-8&allowMultiQueries=true&useSSL=false&serverTimezone=GMT%2b8, version : 1.2.2, lastPacketReceivedIdleMillis : 395798
2026-05-04 00:12:23.212 [http-nio-9999-exec-2] WARN  com.alibaba.druid.pool.DruidAbstractDataSource - discard long time none received connection. , jdbcUrl : jdbc:mysql://localhost:3306/test?useUnicode=true&characterEncoding=utf-8&allowMultiQueries=true&useSSL=false&serverTimezone=GMT%2b8, version : 1.2.2, lastPacketReceivedIdleMillis : 385147
2026-05-04 00:12:23.213 [http-nio-9999-exec-3] WARN  com.alibaba.druid.pool.DruidAbstractDataSource - discard long time none received connection. , jdbcUrl : jdbc:mysql://localhost:3306/test?useUnicode=true&characterEncoding=utf-8&allowMultiQueries=true&useSSL=false&serverTimezone=GMT%2b8, version : 1.2.2, lastPacketReceivedIdleMillis : 395798
2026-05-04 00:12:23.212 [http-nio-9999-exec-10] WARN  com.alibaba.druid.pool.DruidAbstractDataSource - discard long time none received connection. , jdbcUrl : jdbc:mysql://localhost:3306/test?useUnicode=true&characterEncoding=utf-8&allowMultiQueries=true&useSSL=false&serverTimezone=GMT%2b8, version : 1.2.2, lastPacketReceivedIdleMillis : 395798
2026-05-04 00:12:23.226 [http-nio-9999-exec-7] INFO  com.example.controller.FileController - 文件下载 - flag: 1, 文件: 58c77a8475f8477fa3de72b1742aac21-0fa3343dc8b14dce635be7a9c28f60092b622.jpg, IP: 0:0:0:0:0:0:0:1
2026-05-04 00:12:24.450 [http-nio-9999-exec-2] INFO  com.example.component.WebSocketServer - 有新用户加入，username=2396706066, 当前在线人数为：1
2026-05-04 00:12:24.457 [http-nio-9999-exec-9] INFO  com.example.controller.FileController - 文件下载 - flag: 1, 文件: 58c77a8475f8477fa3de72b1742aac21-0fa3343dc8b14dce635be7a9c28f60092b622.jpg, IP: 0:0:0:0:0:0:0:1
2026-05-04 00:22:55.109 [http-nio-9999-exec-7] WARN  com.alibaba.druid.pool.DruidAbstractDataSource - discard long time none received connection. , jdbcUrl : jdbc:mysql://localhost:3306/test?useUnicode=true&characterEncoding=utf-8&allowMultiQueries=true&useSSL=false&serverTimezone=GMT%2b8, version : 1.2.2, lastPacketReceivedIdleMillis : 630656
2026-05-04 00:22:55.109 [http-nio-9999-exec-7] WARN  com.alibaba.druid.pool.DruidAbstractDataSource - discard long time none received connection. , jdbcUrl : jdbc:mysql://localhost:3306/test?useUnicode=true&characterEncoding=utf-8&allowMultiQueries=true&useSSL=false&serverTimezone=GMT%2b8, version : 1.2.2, lastPacketReceivedIdleMillis : 630658
2026-05-04 00:22:55.110 [http-nio-9999-exec-7] WARN  com.alibaba.druid.pool.DruidAbstractDataSource - discard long time none received connection. , jdbcUrl : jdbc:mysql://localhost:3306/test?useUnicode=true&characterEncoding=utf-8&allowMultiQueries=true&useSSL=false&serverTimezone=GMT%2b8, version : 1.2.2, lastPacketReceivedIdleMillis : 631890
2026-05-04 00:22:55.132 [http-nio-9999-exec-9] INFO  com.example.controller.FileController - 文件下载 - flag: 1619007548868, 文件: 1619007548868-v2-da81b32117040e545c3e728cdbaaebb4_1440w.jpg, IP: 0:0:0:0:0:0:0:1
2026-05-04 00:22:55.207 [http-nio-9999-exec-10] INFO  com.example.controller.FileController - 文件下载 - flag: 58c77a8475f8477fa3de72b1742aac21, 文件: 58c77a8475f8477fa3de72b1742aac21-0fa3343dc8b14dce635be7a9c28f60092b622.jpg, IP: 0:0:0:0:0:0:0:1
2026-05-04 00:22:55.208 [http-nio-9999-exec-1] INFO  com.example.controller.FileController - 文件下载 - flag: 1620199166487, 文件: 1620199166487-IMG_20210131_094422.jpg, IP: 0:0:0:0:0:0:0:1
2026-05-04 00:22:55.208 [http-nio-9999-exec-3] INFO  com.example.controller.FileController - 文件下载 - flag: 1620662396281, 文件: 1620662396281-IMG_20210114_185849.jpg, IP: 0:0:0:0:0:0:0:1
2026-05-04 00:22:55.209 [http-nio-9999-exec-6] INFO  com.example.controller.FileController - 文件下载 - flag: 1620199097977, 文件: 1620199097977-IMG_20201222_112807.jpg, IP: 0:0:0:0:0:0:0:1
2026-05-04 00:22:55.209 [http-nio-9999-exec-8] INFO  com.example.controller.FileController - 文件下载 - flag: 1620006191125, 文件: 1620006191125-IMG_20201222_112911.jpg, IP: 0:0:0:0:0:0:0:1
2026-05-04 00:22:55.210 [http-nio-9999-exec-5] INFO  com.example.controller.FileController - 文件下载 - flag: 1620617530063, 文件: 1620617530063-qq_pic_merged_1609115058245.jpg, IP: 0:0:0:0:0:0:0:1
2026-05-04 00:22:55.217 [http-nio-9999-exec-4] INFO  com.example.controller.FileController - 文件下载 - flag: 1619980059403, 文件: 1619980059403-613bd821af28f1f79b8bbf028ab06b77.jpg, IP: 0:0:0:0:0:0:0:1
2026-05-04 00:22:55.224 [http-nio-9999-exec-7] INFO  com.example.controller.FileController - 文件下载 - flag: 1619974780054, 文件: 1619974780054-IMG_20210131_094431.jpg, IP: 0:0:0:0:0:0:0:1
2026-05-04 00:22:55.234 [http-nio-9999-exec-9] INFO  com.example.controller.FileController - 文件下载 - flag: 1619010478231, 文件: 1619010478231-f4.jpg, IP: 0:0:0:0:0:0:0:1
2026-05-04 00:22:55.244 [http-nio-9999-exec-2] INFO  com.example.controller.FileController - 文件下载 - flag: 1619974758837, 文件: 1619974758837-613bd821af28f1f79b8bbf028ab06b77.jpg, IP: 0:0:0:0:0:0:0:1
2026-05-04 00:23:00.336 [http-nio-9999-exec-2] INFO  com.example.controller.FileController - 文件下载 - flag: 1619007548868, 文件: 1619007548868-v2-da81b32117040e545c3e728cdbaaebb4_1440w.jpg, IP: 0:0:0:0:0:0:0:1
2026-05-04 00:23:02.624 [http-nio-9999-exec-10] INFO  com.example.controller.FileController - 文件下载 - flag: 1619007548868, 文件: 1619007548868-v2-da81b32117040e545c3e728cdbaaebb4_1440w.jpg, IP: 0:0:0:0:0:0:0:1
2026-05-04 00:23:03.438 [http-nio-9999-exec-8] INFO  com.example.controller.FileController - 文件下载 - flag: 1619007548868, 文件: 1619007548868-v2-da81b32117040e545c3e728cdbaaebb4_1440w.jpg, IP: 0:0:0:0:0:0:0:1
2026-05-04 00:23:03.815 [http-nio-9999-exec-4] INFO  com.example.controller.FileController - 文件下载 - flag: 1619007548868, 文件: 1619007548868-v2-da81b32117040e545c3e728cdbaaebb4_1440w.jpg, IP: 0:0:0:0:0:0:0:1
2026-05-04 00:23:05.354 [http-nio-9999-exec-8] INFO  com.example.controller.FileController - 文件下载 - flag: 1619007548868, 文件: 1619007548868-v2-da81b32117040e545c3e728cdbaaebb4_1440w.jpg, IP: 0:0:0:0:0:0:0:1
2026-05-04 00:23:26.261 [http-nio-9999-exec-6] INFO  com.example.component.WebSocketServer - 有一连接关闭，移除username=2396706066的用户session, 当前在线人数为：0
2026-05-04 00:23:26.312 [http-nio-9999-exec-4] INFO  com.example.component.WebSocketServer - 有新用户加入，username=2396706066, 当前在线人数为：1
2026-05-04 00:23:26.325 [http-nio-9999-exec-3] INFO  com.example.controller.FileController - 文件下载 - flag: 1, 文件: 58c77a8475f8477fa3de72b1742aac21-0fa3343dc8b14dce635be7a9c28f60092b622.jpg, IP: 0:0:0:0:0:0:0:1
2026-05-04 00:23:32.613 [http-nio-9999-exec-6] INFO  com.example.component.WebSocketServer - 有一连接关闭，移除username=2396706066的用户session, 当前在线人数为：0
2026-05-04 00:23:32.667 [http-nio-9999-exec-7] INFO  com.example.controller.FileController - 文件下载 - flag: 1, 文件: 58c77a8475f8477fa3de72b1742aac21-0fa3343dc8b14dce635be7a9c28f60092b622.jpg, IP: 0:0:0:0:0:0:0:1
2026-05-04 00:23:32.700 [http-nio-9999-exec-4] INFO  com.example.controller.FileController - 文件下载 - flag: 58c77a8475f8477fa3de72b1742aac21, 文件: 58c77a8475f8477fa3de72b1742aac21-0fa3343dc8b14dce635be7a9c28f60092b622.jpg, IP: 0:0:0:0:0:0:0:1
2026-05-04 00:23:34.106 [http-nio-9999-exec-2] INFO  com.example.controller.FileController - 文件下载 - flag: 1, 文件: 58c77a8475f8477fa3de72b1742aac21-0fa3343dc8b14dce635be7a9c28f60092b622.jpg, IP: 0:0:0:0:0:0:0:1
2026-05-04 00:23:34.152 [http-nio-9999-exec-8] INFO  com.example.controller.FileController - 文件下载 - flag: 1619980059403, 文件: 1619980059403-613bd821af28f1f79b8bbf028ab06b77.jpg, IP: 0:0:0:0:0:0:0:1
2026-05-04 00:23:34.633 [http-nio-9999-exec-4] INFO  com.example.controller.FileController - 文件下载 - flag: 1, 文件: 58c77a8475f8477fa3de72b1742aac21-0fa3343dc8b14dce635be7a9c28f60092b622.jpg, IP: 0:0:0:0:0:0:0:1
2026-05-04 00:23:34.651 [http-nio-9999-exec-9] INFO  com.example.controller.FileController - 文件下载 - flag: 58c77a8475f8477fa3de72b1742aac21, 文件: 58c77a8475f8477fa3de72b1742aac21-0fa3343dc8b14dce635be7a9c28f60092b622.jpg, IP: 0:0:0:0:0:0:0:1
2026-05-04 00:23:35.052 [http-nio-9999-exec-8] INFO  com.example.controller.FileController - 文件下载 - flag: 1, 文件: 58c77a8475f8477fa3de72b1742aac21-0fa3343dc8b14dce635be7a9c28f60092b622.jpg, IP: 0:0:0:0:0:0:0:1
2026-05-04 00:23:35.743 [http-nio-9999-exec-4] INFO  com.example.controller.FileController - 文件下载 - flag: 1, 文件: 58c77a8475f8477fa3de72b1742aac21-0fa3343dc8b14dce635be7a9c28f60092b622.jpg, IP: 0:0:0:0:0:0:0:1
2026-05-04 00:23:35.786 [http-nio-9999-exec-9] INFO  com.example.controller.FileController - 文件下载 - flag: 58c77a8475f8477fa3de72b1742aac21, 文件: 58c77a8475f8477fa3de72b1742aac21-0fa3343dc8b14dce635be7a9c28f60092b622.jpg, IP: 0:0:0:0:0:0:0:1
2026-05-04 00:23:36.123 [http-nio-9999-exec-1] INFO  com.example.component.WebSocketServer - 有新用户加入，username=2396706066, 当前在线人数为：1
2026-05-04 00:23:36.128 [http-nio-9999-exec-6] INFO  com.example.controller.FileController - 文件下载 - flag: 1, 文件: 58c77a8475f8477fa3de72b1742aac21-0fa3343dc8b14dce635be7a9c28f60092b622.jpg, IP: 0:0:0:0:0:0:0:1
2026-05-04 00:23:54.939 [http-nio-9999-exec-9] INFO  com.example.component.WebSocketServer - 有一连接关闭，移除username=2396706066的用户session, 当前在线人数为：0
2026-05-04 00:23:54.986 [http-nio-9999-exec-2] INFO  com.example.controller.FileController - 文件下载 - flag: 1, 文件: 58c77a8475f8477fa3de72b1742aac21-0fa3343dc8b14dce635be7a9c28f60092b622.jpg, IP: 0:0:0:0:0:0:0:1
2026-05-04 00:23:55.008 [http-nio-9999-exec-8] INFO  com.example.controller.FileController - 文件下载 - flag: 58c77a8475f8477fa3de72b1742aac21, 文件: 58c77a8475f8477fa3de72b1742aac21-0fa3343dc8b14dce635be7a9c28f60092b622.jpg, IP: 0:0:0:0:0:0:0:1
2026-05-04 00:23:56.198 [http-nio-9999-exec-9] INFO  com.example.controller.FileController - 文件下载 - flag: 1, 文件: 58c77a8475f8477fa3de72b1742aac21-0fa3343dc8b14dce635be7a9c28f60092b622.jpg, IP: 0:0:0:0:0:0:0:1
2026-05-04 00:23:56.232 [http-nio-9999-exec-3] INFO  com.example.controller.FileController - 文件下载 - flag: 1619980059403, 文件: 1619980059403-613bd821af28f1f79b8bbf028ab06b77.jpg, IP: 0:0:0:0:0:0:0:1
2026-05-04 00:23:57.662 [http-nio-9999-exec-6] INFO  com.example.controller.FileController - 文件下载 - flag: 1, 文件: 58c77a8475f8477fa3de72b1742aac21-0fa3343dc8b14dce635be7a9c28f60092b622.jpg, IP: 0:0:0:0:0:0:0:1
2026-05-04 00:23:59.972 [http-nio-9999-exec-9] INFO  com.example.controller.FileController - 文件下载 - flag: 1, 文件: 58c77a8475f8477fa3de72b1742aac21-0fa3343dc8b14dce635be7a9c28f60092b622.jpg, IP: 0:0:0:0:0:0:0:1
2026-05-04 00:24:14.220 [http-nio-9999-exec-5] INFO  com.example.controller.FileController - 文件下载 - flag: 1619980059403, 文件: 1619980059403-613bd821af28f1f79b8bbf028ab06b77.jpg, IP: 0:0:0:0:0:0:0:1
2026-05-04 00:24:15.977 [http-nio-9999-exec-4] INFO  com.example.controller.FileController - 文件下载 - flag: 1619980059403, 文件: 1619980059403-613bd821af28f1f79b8bbf028ab06b77.jpg, IP: 0:0:0:0:0:0:0:1
2026-05-04 00:24:19.020 [http-nio-9999-exec-2] INFO  com.example.controller.FileController - 文件下载 - flag: 1619980059403, 文件: 1619980059403-613bd821af28f1f79b8bbf028ab06b77.jpg, IP: 0:0:0:0:0:0:0:1
2026-05-04 00:24:23.233 [http-nio-9999-exec-2] INFO  com.example.controller.FileController - 文件下载 - flag: 58c77a8475f8477fa3de72b1742aac21, 文件: 58c77a8475f8477fa3de72b1742aac21-0fa3343dc8b14dce635be7a9c28f60092b622.jpg, IP: 0:0:0:0:0:0:0:1
2026-05-04 00:24:26.145 [http-nio-9999-exec-8] INFO  com.example.controller.FileController - 文件下载 - flag: 1, 文件: 58c77a8475f8477fa3de72b1742aac21-0fa3343dc8b14dce635be7a9c28f60092b622.jpg, IP: 0:0:0:0:0:0:0:1
2026-05-04 00:24:27.783 [http-nio-9999-exec-4] INFO  com.example.controller.FileController - 文件下载 - flag: 58c77a8475f8477fa3de72b1742aac21, 文件: 58c77a8475f8477fa3de72b1742aac21-0fa3343dc8b14dce635be7a9c28f60092b622.jpg, IP: 0:0:0:0:0:0:0:1
2026-05-04 00:24:34.870 [http-nio-9999-exec-10] INFO  com.example.controller.FileController - 文件下载 - flag: 1, 文件: 58c77a8475f8477fa3de72b1742aac21-0fa3343dc8b14dce635be7a9c28f60092b622.jpg, IP: 0:0:0:0:0:0:0:1
2026-05-04 00:24:36.193 [http-nio-9999-exec-2] INFO  com.example.controller.FileController - 文件下载 - flag: 1619980059403, 文件: 1619980059403-613bd821af28f1f79b8bbf028ab06b77.jpg, IP: 0:0:0:0:0:0:0:1
2026-05-04 00:24:45.489 [http-nio-9999-exec-2] INFO  com.example.controller.FileController - 文件下载 - flag: 1, 文件: 58c77a8475f8477fa3de72b1742aac21-0fa3343dc8b14dce635be7a9c28f60092b622.jpg, IP: 0:0:0:0:0:0:0:1
2026-05-04 00:24:49.616 [http-nio-9999-exec-7] INFO  com.example.controller.FileController - 文件下载 - flag: 1, 文件: 58c77a8475f8477fa3de72b1742aac21-0fa3343dc8b14dce635be7a9c28f60092b622.jpg, IP: 0:0:0:0:0:0:0:1
2026-05-04 00:28:03.285 [http-nio-9999-exec-7] WARN  com.alibaba.druid.pool.DruidAbstractDataSource - discard long time none received connection. , jdbcUrl : jdbc:mysql://localhost:3306/test?useUnicode=true&characterEncoding=utf-8&allowMultiQueries=true&useSSL=false&serverTimezone=GMT%2b8, version : 1.2.2, lastPacketReceivedIdleMillis : 193659
2026-05-04 00:28:03.287 [http-nio-9999-exec-7] WARN  com.alibaba.druid.pool.DruidAbstractDataSource - discard long time none received connection. , jdbcUrl : jdbc:mysql://localhost:3306/test?useUnicode=true&characterEncoding=utf-8&allowMultiQueries=true&useSSL=false&serverTimezone=GMT%2b8, version : 1.2.2, lastPacketReceivedIdleMillis : 193667
2026-05-04 00:28:03.287 [http-nio-9999-exec-7] WARN  com.alibaba.druid.pool.DruidAbstractDataSource - discard long time none received connection. , jdbcUrl : jdbc:mysql://localhost:3306/test?useUnicode=true&characterEncoding=utf-8&allowMultiQueries=true&useSSL=false&serverTimezone=GMT%2b8, version : 1.2.2, lastPacketReceivedIdleMillis : 193669
2026-05-04 00:28:03.288 [http-nio-9999-exec-7] WARN  com.alibaba.druid.pool.DruidAbstractDataSource - discard long time none received connection. , jdbcUrl : jdbc:mysql://localhost:3306/test?useUnicode=true&characterEncoding=utf-8&allowMultiQueries=true&useSSL=false&serverTimezone=GMT%2b8, version : 1.2.2, lastPacketReceivedIdleMillis : 193670
2026-05-04 00:28:03.289 [http-nio-9999-exec-7] WARN  com.alibaba.druid.pool.DruidAbstractDataSource - discard long time none received connection. , jdbcUrl : jdbc:mysql://localhost:3306/test?useUnicode=true&characterEncoding=utf-8&allowMultiQueries=true&useSSL=false&serverTimezone=GMT%2b8, version : 1.2.2, lastPacketReceivedIdleMillis : 193671
2026-05-04 00:28:03.315 [http-nio-9999-exec-4] INFO  com.example.controller.FileController - 文件下载 - flag: 1619980059403, 文件: 1619980059403-613bd821af28f1f79b8bbf028ab06b77.jpg, IP: 0:0:0:0:0:0:0:1
2026-05-04 00:28:04.487 [http-nio-9999-exec-9] INFO  com.example.controller.FileController - 文件下载 - flag: 1619980059403, 文件: 1619980059403-613bd821af28f1f79b8bbf028ab06b77.jpg, IP: 0:0:0:0:0:0:0:1
2026-05-04 00:28:05.064 [http-nio-9999-exec-1] INFO  com.example.controller.FileController - 文件下载 - flag: 1619980059403, 文件: 1619980059403-613bd821af28f1f79b8bbf028ab06b77.jpg, IP: 0:0:0:0:0:0:0:1
2026-05-04 00:28:05.757 [http-nio-9999-exec-9] INFO  com.example.controller.FileController - 文件下载 - flag: 58c77a8475f8477fa3de72b1742aac21, 文件: 58c77a8475f8477fa3de72b1742aac21-0fa3343dc8b14dce635be7a9c28f60092b622.jpg, IP: 0:0:0:0:0:0:0:1
2026-05-04 00:28:11.037 [http-nio-9999-exec-9] INFO  com.example.controller.FileController - 文件下载 - flag: 1619980059403, 文件: 1619980059403-613bd821af28f1f79b8bbf028ab06b77.jpg, IP: 0:0:0:0:0:0:0:1
2026-05-04 00:28:15.392 [http-nio-9999-exec-6] INFO  com.example.controller.FileController - 文件下载 - flag: 1, 文件: 58c77a8475f8477fa3de72b1742aac21-0fa3343dc8b14dce635be7a9c28f60092b622.jpg, IP: 0:0:0:0:0:0:0:1
2026-05-04 00:28:45.246 [http-nio-9999-exec-8] INFO  com.example.component.WebSocketServer - 有新用户加入，username=2396706066, 当前在线人数为：1
2026-05-04 00:28:45.254 [http-nio-9999-exec-6] INFO  com.example.controller.FileController - 文件下载 - flag: 1, 文件: 58c77a8475f8477fa3de72b1742aac21-0fa3343dc8b14dce635be7a9c28f60092b622.jpg, IP: 0:0:0:0:0:0:0:1
2026-05-04 00:28:47.962 [http-nio-9999-exec-5] INFO  com.example.component.WebSocketServer - 有一连接关闭，移除username=2396706066的用户session, 当前在线人数为：0
2026-05-04 00:28:47.999 [http-nio-9999-exec-8] INFO  com.example.controller.FileController - 文件下载 - flag: 1, 文件: 58c77a8475f8477fa3de72b1742aac21-0fa3343dc8b14dce635be7a9c28f60092b622.jpg, IP: 0:0:0:0:0:0:0:1
2026-05-04 00:28:48.023 [http-nio-9999-exec-1] INFO  com.example.controller.FileController - 文件下载 - flag: 58c77a8475f8477fa3de72b1742aac21, 文件: 58c77a8475f8477fa3de72b1742aac21-0fa3343dc8b14dce635be7a9c28f60092b622.jpg, IP: 0:0:0:0:0:0:0:1
2026-05-04 00:28:48.835 [http-nio-9999-exec-9] INFO  com.example.controller.FileController - 文件下载 - flag: 1, 文件: 58c77a8475f8477fa3de72b1742aac21-0fa3343dc8b14dce635be7a9c28f60092b622.jpg, IP: 0:0:0:0:0:0:0:1
2026-05-04 00:28:48.880 [http-nio-9999-exec-5] INFO  com.example.controller.FileController - 文件下载 - flag: 1619980059403, 文件: 1619980059403-613bd821af28f1f79b8bbf028ab06b77.jpg, IP: 0:0:0:0:0:0:0:1
2026-05-04 00:28:52.433 [http-nio-9999-exec-6] INFO  com.example.controller.FileController - 文件下载 - flag: 1, 文件: 58c77a8475f8477fa3de72b1742aac21-0fa3343dc8b14dce635be7a9c28f60092b622.jpg, IP: 0:0:0:0:0:0:0:1
2026-05-04 00:34:23.705 [http-nio-9999-exec-8] WARN  com.alibaba.druid.pool.DruidAbstractDataSource - discard long time none received connection. , jdbcUrl : jdbc:mysql://localhost:3306/test?useUnicode=true&characterEncoding=utf-8&allowMultiQueries=true&useSSL=false&serverTimezone=GMT%2b8, version : 1.2.2, lastPacketReceivedIdleMillis : 331274
2026-05-04 00:34:23.705 [http-nio-9999-exec-4] WARN  com.alibaba.druid.pool.DruidAbstractDataSource - discard long time none received connection. , jdbcUrl : jdbc:mysql://localhost:3306/test?useUnicode=true&characterEncoding=utf-8&allowMultiQueries=true&useSSL=false&serverTimezone=GMT%2b8, version : 1.2.2, lastPacketReceivedIdleMillis : 338458
2026-05-04 00:34:23.714 [http-nio-9999-exec-9] INFO  com.example.controller.FileController - 文件下载 - flag: 1, 文件: 58c77a8475f8477fa3de72b1742aac21-0fa3343dc8b14dce635be7a9c28f60092b622.jpg, IP: 0:0:0:0:0:0:0:1
2026-05-04 00:34:30.378 [http-nio-9999-exec-10] INFO  com.example.controller.FileController - 文件下载 - flag: 1619007548868, 文件: 1619007548868-v2-da81b32117040e545c3e728cdbaaebb4_1440w.jpg, IP: 0:0:0:0:0:0:0:1
2026-05-04 00:34:36.420 [http-nio-9999-exec-7] INFO  com.example.controller.FileController - 文件下载 - flag: 58c77a8475f8477fa3de72b1742aac21, 文件: 58c77a8475f8477fa3de72b1742aac21-0fa3343dc8b14dce635be7a9c28f60092b622.jpg, IP: 0:0:0:0:0:0:0:1
2026-05-04 00:34:39.355 [http-nio-9999-exec-7] INFO  com.example.controller.FileController - 文件下载 - flag: 1, 文件: 58c77a8475f8477fa3de72b1742aac21-0fa3343dc8b14dce635be7a9c28f60092b622.jpg, IP: 0:0:0:0:0:0:0:1
2026-05-04 00:34:46.830 [http-nio-9999-exec-6] INFO  com.example.controller.FileController - 文件下载 - flag: 1619980059403, 文件: 1619980059403-613bd821af28f1f79b8bbf028ab06b77.jpg, IP: 0:0:0:0:0:0:0:1
2026-05-04 00:34:47.722 [http-nio-9999-exec-8] INFO  com.example.controller.FileController - 文件下载 - flag: 1619980059403, 文件: 1619980059403-613bd821af28f1f79b8bbf028ab06b77.jpg, IP: 0:0:0:0:0:0:0:1
2026-05-04 00:34:49.048 [http-nio-9999-exec-1] INFO  com.example.controller.FileController - 文件下载 - flag: 58c77a8475f8477fa3de72b1742aac21, 文件: 58c77a8475f8477fa3de72b1742aac21-0fa3343dc8b14dce635be7a9c28f60092b622.jpg, IP: 0:0:0:0:0:0:0:1
2026-05-04 00:34:52.891 [http-nio-9999-exec-2] INFO  com.example.controller.FileController - 文件下载 - flag: 1, 文件: 58c77a8475f8477fa3de72b1742aac21-0fa3343dc8b14dce635be7a9c28f60092b622.jpg, IP: 0:0:0:0:0:0:0:1
2026-05-04 00:34:54.064 [http-nio-9999-exec-6] INFO  com.example.controller.FileController - 文件下载 - flag: 1619980059403, 文件: 1619980059403-613bd821af28f1f79b8bbf028ab06b77.jpg, IP: 0:0:0:0:0:0:0:1
2026-05-04 00:36:46.665 [http-nio-9999-exec-7] WARN  com.alibaba.druid.pool.DruidAbstractDataSource - discard long time none received connection. , jdbcUrl : jdbc:mysql://localhost:3306/test?useUnicode=true&characterEncoding=utf-8&allowMultiQueries=true&useSSL=false&serverTimezone=GMT%2b8, version : 1.2.2, lastPacketReceivedIdleMillis : 108681
2026-05-04 00:36:46.665 [http-nio-9999-exec-7] WARN  com.alibaba.druid.pool.DruidAbstractDataSource - discard long time none received connection. , jdbcUrl : jdbc:mysql://localhost:3306/test?useUnicode=true&characterEncoding=utf-8&allowMultiQueries=true&useSSL=false&serverTimezone=GMT%2b8, version : 1.2.2, lastPacketReceivedIdleMillis : 113788
2026-05-04 00:36:46.665 [http-nio-9999-exec-7] WARN  com.alibaba.druid.pool.DruidAbstractDataSource - discard long time none received connection. , jdbcUrl : jdbc:mysql://localhost:3306/test?useUnicode=true&characterEncoding=utf-8&allowMultiQueries=true&useSSL=false&serverTimezone=GMT%2b8, version : 1.2.2, lastPacketReceivedIdleMillis : 113789
2026-05-04 00:36:46.666 [http-nio-9999-exec-7] WARN  com.alibaba.druid.pool.DruidAbstractDataSource - discard long time none received connection. , jdbcUrl : jdbc:mysql://localhost:3306/test?useUnicode=true&characterEncoding=utf-8&allowMultiQueries=true&useSSL=false&serverTimezone=GMT%2b8, version : 1.2.2, lastPacketReceivedIdleMillis : 113790
2026-05-04 00:36:46.667 [http-nio-9999-exec-7] WARN  com.alibaba.druid.pool.DruidAbstractDataSource - discard long time none received connection. , jdbcUrl : jdbc:mysql://localhost:3306/test?useUnicode=true&characterEncoding=utf-8&allowMultiQueries=true&useSSL=false&serverTimezone=GMT%2b8, version : 1.2.2, lastPacketReceivedIdleMillis : 113791
2026-05-04 00:36:47.815 [http-nio-9999-exec-4] INFO  com.example.controller.FileController - 文件下载 - flag: 1619980059403, 文件: 1619980059403-613bd821af28f1f79b8bbf028ab06b77.jpg, IP: 0:0:0:0:0:0:0:1
2026-05-04 00:36:57.083 [http-nio-9999-exec-2] INFO  com.example.controller.FileController - 文件下载 - flag: 1, 文件: 58c77a8475f8477fa3de72b1742aac21-0fa3343dc8b14dce635be7a9c28f60092b622.jpg, IP: 0:0:0:0:0:0:0:1
2026-05-04 00:39:21.637 [http-nio-9999-exec-2] WARN  com.alibaba.druid.pool.DruidAbstractDataSource - discard long time none received connection. , jdbcUrl : jdbc:mysql://localhost:3306/test?useUnicode=true&characterEncoding=utf-8&allowMultiQueries=true&useSSL=false&serverTimezone=GMT%2b8, version : 1.2.2, lastPacketReceivedIdleMillis : 142538
2026-05-04 00:39:21.637 [http-nio-9999-exec-3] WARN  com.alibaba.druid.pool.DruidAbstractDataSource - discard long time none received connection. , jdbcUrl : jdbc:mysql://localhost:3306/test?useUnicode=true&characterEncoding=utf-8&allowMultiQueries=true&useSSL=false&serverTimezone=GMT%2b8, version : 1.2.2, lastPacketReceivedIdleMillis : 144571
2026-05-04 00:39:21.660 [http-nio-9999-exec-7] INFO  com.example.controller.FileController - 文件下载 - flag: 1, 文件: 58c77a8475f8477fa3de72b1742aac21-0fa3343dc8b14dce635be7a9c28f60092b622.jpg, IP: 0:0:0:0:0:0:0:1
2026-05-04 00:39:25.077 [http-nio-9999-exec-4] INFO  com.example.component.WebSocketServer - 有新用户加入，username=2396706066, 当前在线人数为：1
2026-05-04 00:39:25.084 [http-nio-9999-exec-8] INFO  com.example.controller.FileController - 文件下载 - flag: 1, 文件: 58c77a8475f8477fa3de72b1742aac21-0fa3343dc8b14dce635be7a9c28f60092b622.jpg, IP: 0:0:0:0:0:0:0:1
2026-05-04 00:39:25.597 [http-nio-9999-exec-2] INFO  com.example.component.WebSocketServer - 有一连接关闭，移除username=2396706066的用户session, 当前在线人数为：0
2026-05-04 00:39:28.737 [http-nio-9999-exec-4] INFO  com.example.controller.FileController - 文件下载 - flag: 1, 文件: 58c77a8475f8477fa3de72b1742aac21-0fa3343dc8b14dce635be7a9c28f60092b622.jpg, IP: 0:0:0:0:0:0:0:1
2026-05-04 00:39:28.755 [http-nio-9999-exec-10] INFO  com.example.controller.FileController - 文件下载 - flag: 58c77a8475f8477fa3de72b1742aac21, 文件: 58c77a8475f8477fa3de72b1742aac21-0fa3343dc8b14dce635be7a9c28f60092b622.jpg, IP: 0:0:0:0:0:0:0:1
2026-05-04 00:39:31.173 [http-nio-9999-exec-5] INFO  com.example.controller.FileController - 文件下载 - flag: 1, 文件: 58c77a8475f8477fa3de72b1742aac21-0fa3343dc8b14dce635be7a9c28f60092b622.jpg, IP: 0:0:0:0:0:0:0:1
2026-05-04 00:39:31.216 [http-nio-9999-exec-2] INFO  com.example.controller.FileController - 文件下载 - flag: 1619980059403, 文件: 1619980059403-613bd821af28f1f79b8bbf028ab06b77.jpg, IP: 0:0:0:0:0:0:0:1
2026-05-04 00:39:32.596 [http-nio-9999-exec-1] INFO  com.example.controller.FileController - 文件下载 - flag: 1, 文件: 58c77a8475f8477fa3de72b1742aac21-0fa3343dc8b14dce635be7a9c28f60092b622.jpg, IP: 0:0:0:0:0:0:0:1
2026-05-04 00:39:34.222 [http-nio-9999-exec-5] INFO  com.example.controller.FileController - 文件下载 - flag: 1, 文件: 58c77a8475f8477fa3de72b1742aac21-0fa3343dc8b14dce635be7a9c28f60092b622.jpg, IP: 0:0:0:0:0:0:0:1
2026-05-04 00:39:34.253 [http-nio-9999-exec-2] INFO  com.example.controller.FileController - 文件下载 - flag: 1619980059403, 文件: 1619980059403-613bd821af28f1f79b8bbf028ab06b77.jpg, IP: 0:0:0:0:0:0:0:1
2026-05-04 00:39:34.552 [http-nio-9999-exec-4] INFO  com.example.component.WebSocketServer - 有新用户加入，username=2396706066, 当前在线人数为：1
2026-05-04 00:39:34.554 [http-nio-9999-exec-8] INFO  com.example.controller.FileController - 文件下载 - flag: 1, 文件: 58c77a8475f8477fa3de72b1742aac21-0fa3343dc8b14dce635be7a9c28f60092b622.jpg, IP: 0:0:0:0:0:0:0:1
2026-05-04 00:39:35.168 [http-nio-9999-exec-5] INFO  com.example.component.WebSocketServer - 有一连接关闭，移除username=2396706066的用户session, 当前在线人数为：0
2026-05-04 00:39:35.220 [http-nio-9999-exec-9] INFO  com.example.controller.FileController - 文件下载 - flag: 1, 文件: 58c77a8475f8477fa3de72b1742aac21-0fa3343dc8b14dce635be7a9c28f60092b622.jpg, IP: 0:0:0:0:0:0:0:1
2026-05-04 00:39:35.243 [http-nio-9999-exec-3] INFO  com.example.controller.FileController - 文件下载 - flag: 58c77a8475f8477fa3de72b1742aac21, 文件: 58c77a8475f8477fa3de72b1742aac21-0fa3343dc8b14dce635be7a9c28f60092b622.jpg, IP: 0:0:0:0:0:0:0:1
2026-05-04 00:39:35.594 [http-nio-9999-exec-10] INFO  com.example.component.WebSocketServer - 有新用户加入，username=2396706066, 当前在线人数为：1
2026-05-04 00:39:35.600 [http-nio-9999-exec-6] INFO  com.example.controller.FileController - 文件下载 - flag: 1, 文件: 58c77a8475f8477fa3de72b1742aac21-0fa3343dc8b14dce635be7a9c28f60092b622.jpg, IP: 0:0:0:0:0:0:0:1
2026-05-04 00:41:04.805 [http-nio-9999-exec-6] INFO  com.example.component.WebSocketServer - 有一连接关闭，移除username=2396706066的用户session, 当前在线人数为：0
2026-05-04 00:41:04.872 [http-nio-9999-exec-8] INFO  com.example.controller.FileController - 文件下载 - flag: 1, 文件: 58c77a8475f8477fa3de72b1742aac21-0fa3343dc8b14dce635be7a9c28f60092b622.jpg, IP: 0:0:0:0:0:0:0:1
2026-05-04 00:41:04.874 [http-nio-9999-exec-6] WARN  com.alibaba.druid.pool.DruidAbstractDataSource - discard long time none received connection. , jdbcUrl : jdbc:mysql://localhost:3306/test?useUnicode=true&characterEncoding=utf-8&allowMultiQueries=true&useSSL=false&serverTimezone=GMT%2b8, version : 1.2.2, lastPacketReceivedIdleMillis : 89278
2026-05-04 00:41:04.874 [http-nio-9999-exec-5] WARN  com.alibaba.druid.pool.DruidAbstractDataSource - discard long time none received connection. , jdbcUrl : jdbc:mysql://localhost:3306/test?useUnicode=true&characterEncoding=utf-8&allowMultiQueries=true&useSSL=false&serverTimezone=GMT%2b8, version : 1.2.2, lastPacketReceivedIdleMillis : 89279
2026-05-04 00:41:04.874 [http-nio-9999-exec-6] WARN  com.alibaba.druid.pool.DruidAbstractDataSource - discard long time none received connection. , jdbcUrl : jdbc:mysql://localhost:3306/test?useUnicode=true&characterEncoding=utf-8&allowMultiQueries=true&useSSL=false&serverTimezone=GMT%2b8, version : 1.2.2, lastPacketReceivedIdleMillis : 103226
2026-05-04 00:44:10.623 [http-nio-9999-exec-4] WARN  com.alibaba.druid.pool.DruidAbstractDataSource - discard long time none received connection. , jdbcUrl : jdbc:mysql://localhost:3306/test?useUnicode=true&characterEncoding=utf-8&allowMultiQueries=true&useSSL=false&serverTimezone=GMT%2b8, version : 1.2.2, lastPacketReceivedIdleMillis : 185741
2026-05-04 00:44:10.623 [http-nio-9999-exec-1] WARN  com.alibaba.druid.pool.DruidAbstractDataSource - discard long time none received connection. , jdbcUrl : jdbc:mysql://localhost:3306/test?useUnicode=true&characterEncoding=utf-8&allowMultiQueries=true&useSSL=false&serverTimezone=GMT%2b8, version : 1.2.2, lastPacketReceivedIdleMillis : 185732
2026-05-04 00:44:10.635 [http-nio-9999-exec-5] INFO  com.example.controller.FileController - 文件下载 - flag: 1619007548868, 文件: 1619007548868-v2-da81b32117040e545c3e728cdbaaebb4_1440w.jpg, IP: 0:0:0:0:0:0:0:1
2026-05-04 00:45:01.470 [http-nio-9999-exec-1] INFO  com.example.controller.FileController - 文件下载 - flag: 1619007548868, 文件: 1619007548868-v2-da81b32117040e545c3e728cdbaaebb4_1440w.jpg, IP: 0:0:0:0:0:0:0:1
2026-05-04 00:45:07.766 [http-nio-9999-exec-7] INFO  com.example.controller.FileController - 文件下载 - flag: 1619007548868, 文件: 1619007548868-v2-da81b32117040e545c3e728cdbaaebb4_1440w.jpg, IP: 0:0:0:0:0:0:0:1
2026-05-04 00:45:09.567 [http-nio-9999-exec-8] INFO  com.example.controller.FileController - 文件下载 - flag: 1619007548868, 文件: 1619007548868-v2-da81b32117040e545c3e728cdbaaebb4_1440w.jpg, IP: 0:0:0:0:0:0:0:1
2026-05-04 00:45:10.252 [http-nio-9999-exec-1] INFO  com.example.controller.FileController - 文件下载 - flag: 1619007548868, 文件: 1619007548868-v2-da81b32117040e545c3e728cdbaaebb4_1440w.jpg, IP: 0:0:0:0:0:0:0:1
2026-05-04 00:45:11.931 [http-nio-9999-exec-5] INFO  com.example.controller.FileController - 文件下载 - flag: 1619007548868, 文件: 1619007548868-v2-da81b32117040e545c3e728cdbaaebb4_1440w.jpg, IP: 0:0:0:0:0:0:0:1
2026-05-04 00:45:13.006 [http-nio-9999-exec-2] INFO  com.example.controller.FileController - 文件下载 - flag: 1619007548868, 文件: 1619007548868-v2-da81b32117040e545c3e728cdbaaebb4_1440w.jpg, IP: 0:0:0:0:0:0:0:1
2026-05-04 00:45:14.017 [http-nio-9999-exec-1] INFO  com.example.controller.FileController - 文件下载 - flag: 1619007548868, 文件: 1619007548868-v2-da81b32117040e545c3e728cdbaaebb4_1440w.jpg, IP: 0:0:0:0:0:0:0:1
2026-05-04 00:45:16.415 [http-nio-9999-exec-10] INFO  com.example.controller.FileController - 文件下载 - flag: 1619007548868, 文件: 1619007548868-v2-da81b32117040e545c3e728cdbaaebb4_1440w.jpg, IP: 0:0:0:0:0:0:0:1
2026-05-04 00:45:17.137 [http-nio-9999-exec-4] INFO  com.example.controller.FileController - 文件下载 - flag: 1619007548868, 文件: 1619007548868-v2-da81b32117040e545c3e728cdbaaebb4_1440w.jpg, IP: 0:0:0:0:0:0:0:1
2026-05-04 00:45:18.091 [http-nio-9999-exec-6] INFO  com.example.controller.FileController - 文件下载 - flag: 1619007548868, 文件: 1619007548868-v2-da81b32117040e545c3e728cdbaaebb4_1440w.jpg, IP: 0:0:0:0:0:0:0:1
2026-05-04 00:45:18.093 [http-nio-9999-exec-4] WARN  com.alibaba.druid.pool.DruidAbstractDataSource - discard long time none received connection. , jdbcUrl : jdbc:mysql://localhost:3306/test?useUnicode=true&characterEncoding=utf-8&allowMultiQueries=true&useSSL=false&serverTimezone=GMT%2b8, version : 1.2.2, lastPacketReceivedIdleMillis : 67458
2026-05-04 00:45:18.093 [http-nio-9999-exec-1] WARN  com.alibaba.druid.pool.DruidAbstractDataSource - discard long time none received connection. , jdbcUrl : jdbc:mysql://localhost:3306/test?useUnicode=true&characterEncoding=utf-8&allowMultiQueries=true&useSSL=false&serverTimezone=GMT%2b8, version : 1.2.2, lastPacketReceivedIdleMillis : 67460
2026-05-04 00:45:20.619 [http-nio-9999-exec-4] INFO  com.example.controller.FileController - 文件下载 - flag: 1619007548868, 文件: 1619007548868-v2-da81b32117040e545c3e728cdbaaebb4_1440w.jpg, IP: 0:0:0:0:0:0:0:1
2026-05-04 00:45:24.412 [http-nio-9999-exec-2] INFO  com.example.controller.FileController - 文件下载 - flag: 1619007548868, 文件: 1619007548868-v2-da81b32117040e545c3e728cdbaaebb4_1440w.jpg, IP: 0:0:0:0:0:0:0:1
2026-05-04 00:45:25.733 [http-nio-9999-exec-7] INFO  com.example.controller.FileController - 文件下载 - flag: 1619007548868, 文件: 1619007548868-v2-da81b32117040e545c3e728cdbaaebb4_1440w.jpg, IP: 0:0:0:0:0:0:0:1
2026-05-04 00:45:28.869 [http-nio-9999-exec-6] INFO  com.example.controller.FileController - 文件下载 - flag: 1619007548868, 文件: 1619007548868-v2-da81b32117040e545c3e728cdbaaebb4_1440w.jpg, IP: 0:0:0:0:0:0:0:1
2026-05-04 00:45:29.364 [http-nio-9999-exec-1] INFO  com.example.controller.FileController - 文件下载 - flag: 1619007548868, 文件: 1619007548868-v2-da81b32117040e545c3e728cdbaaebb4_1440w.jpg, IP: 0:0:0:0:0:0:0:1
2026-05-04 00:45:29.575 [http-nio-9999-exec-5] INFO  com.example.controller.FileController - 文件下载 - flag: 1619007548868, 文件: 1619007548868-v2-da81b32117040e545c3e728cdbaaebb4_1440w.jpg, IP: 0:0:0:0:0:0:0:1
2026-05-04 00:45:29.902 [http-nio-9999-exec-1] INFO  com.example.controller.FileController - 文件下载 - flag: 1619007548868, 文件: 1619007548868-v2-da81b32117040e545c3e728cdbaaebb4_1440w.jpg, IP: 0:0:0:0:0:0:0:1
2026-05-04 00:45:30.087 [http-nio-9999-exec-5] INFO  com.example.controller.FileController - 文件下载 - flag: 1619007548868, 文件: 1619007548868-v2-da81b32117040e545c3e728cdbaaebb4_1440w.jpg, IP: 0:0:0:0:0:0:0:1
2026-05-04 00:45:30.269 [http-nio-9999-exec-1] INFO  com.example.controller.FileController - 文件下载 - flag: 1619007548868, 文件: 1619007548868-v2-da81b32117040e545c3e728cdbaaebb4_1440w.jpg, IP: 0:0:0:0:0:0:0:1
2026-05-04 00:45:30.456 [http-nio-9999-exec-5] INFO  com.example.controller.FileController - 文件下载 - flag: 1619007548868, 文件: 1619007548868-v2-da81b32117040e545c3e728cdbaaebb4_1440w.jpg, IP: 0:0:0:0:0:0:0:1
2026-05-04 00:45:31.276 [http-nio-9999-exec-3] INFO  com.example.controller.FileController - 文件下载 - flag: 1619007548868, 文件: 1619007548868-v2-da81b32117040e545c3e728cdbaaebb4_1440w.jpg, IP: 0:0:0:0:0:0:0:1
2026-05-04 00:45:31.888 [http-nio-9999-exec-4] INFO  com.example.controller.FileController - 文件下载 - flag: 1619007548868, 文件: 1619007548868-v2-da81b32117040e545c3e728cdbaaebb4_1440w.jpg, IP: 0:0:0:0:0:0:0:1
2026-05-04 00:45:32.219 [http-nio-9999-exec-5] INFO  com.example.controller.FileController - 文件下载 - flag: 1619007548868, 文件: 1619007548868-v2-da81b32117040e545c3e728cdbaaebb4_1440w.jpg, IP: 0:0:0:0:0:0:0:1
2026-05-04 00:45:32.613 [http-nio-9999-exec-1] INFO  com.example.controller.FileController - 文件下载 - flag: 1619007548868, 文件: 1619007548868-v2-da81b32117040e545c3e728cdbaaebb4_1440w.jpg, IP: 0:0:0:0:0:0:0:1
2026-05-04 00:45:33.328 [http-nio-9999-exec-8] INFO  com.example.controller.FileController - 文件下载 - flag: 1619007548868, 文件: 1619007548868-v2-da81b32117040e545c3e728cdbaaebb4_1440w.jpg, IP: 0:0:0:0:0:0:0:1
2026-05-04 00:45:35.400 [http-nio-9999-exec-9] INFO  com.example.controller.FileController - 文件下载 - flag: 1619007548868, 文件: 1619007548868-v2-da81b32117040e545c3e728cdbaaebb4_1440w.jpg, IP: 0:0:0:0:0:0:0:1
2026-05-04 00:45:35.957 [http-nio-9999-exec-4] INFO  com.example.controller.FileController - 文件下载 - flag: 1619007548868, 文件: 1619007548868-v2-da81b32117040e545c3e728cdbaaebb4_1440w.jpg, IP: 0:0:0:0:0:0:0:1
2026-05-04 00:45:36.344 [http-nio-9999-exec-10] INFO  com.example.controller.FileController - 文件下载 - flag: 1619007548868, 文件: 1619007548868-v2-da81b32117040e545c3e728cdbaaebb4_1440w.jpg, IP: 0:0:0:0:0:0:0:1
2026-05-04 00:45:37.137 [http-nio-9999-exec-3] INFO  com.example.controller.FileController - 文件下载 - flag: 1619007548868, 文件: 1619007548868-v2-da81b32117040e545c3e728cdbaaebb4_1440w.jpg, IP: 0:0:0:0:0:0:0:1
2026-05-04 00:45:37.619 [http-nio-9999-exec-5] INFO  com.example.controller.FileController - 文件下载 - flag: 1619007548868, 文件: 1619007548868-v2-da81b32117040e545c3e728cdbaaebb4_1440w.jpg, IP: 0:0:0:0:0:0:0:1
2026-05-04 00:45:38.727 [http-nio-9999-exec-6] INFO  com.example.controller.FileController - 文件下载 - flag: 1619007548868, 文件: 1619007548868-v2-da81b32117040e545c3e728cdbaaebb4_1440w.jpg, IP: 0:0:0:0:0:0:0:1
2026-05-04 00:45:39.247 [http-nio-9999-exec-4] INFO  com.example.controller.FileController - 文件下载 - flag: 1619007548868, 文件: 1619007548868-v2-da81b32117040e545c3e728cdbaaebb4_1440w.jpg, IP: 0:0:0:0:0:0:0:1
2026-05-04 00:45:40.454 [http-nio-9999-exec-9] INFO  com.example.controller.FileController - 文件下载 - flag: 1619007548868, 文件: 1619007548868-v2-da81b32117040e545c3e728cdbaaebb4_1440w.jpg, IP: 0:0:0:0:0:0:0:1
2026-05-04 00:45:42.453 [http-nio-9999-exec-4] INFO  com.example.controller.FileController - 文件下载 - flag: 1619007548868, 文件: 1619007548868-v2-da81b32117040e545c3e728cdbaaebb4_1440w.jpg, IP: 0:0:0:0:0:0:0:1
2026-05-04 00:45:42.972 [http-nio-9999-exec-9] INFO  com.example.controller.FileController - 文件下载 - flag: 1619007548868, 文件: 1619007548868-v2-da81b32117040e545c3e728cdbaaebb4_1440w.jpg, IP: 0:0:0:0:0:0:0:1
2026-05-04 00:45:43.379 [http-nio-9999-exec-4] INFO  com.example.controller.FileController - 文件下载 - flag: 1619007548868, 文件: 1619007548868-v2-da81b32117040e545c3e728cdbaaebb4_1440w.jpg, IP: 0:0:0:0:0:0:0:1
2026-05-04 00:45:43.988 [http-nio-9999-exec-9] INFO  com.example.controller.FileController - 文件下载 - flag: 1619007548868, 文件: 1619007548868-v2-da81b32117040e545c3e728cdbaaebb4_1440w.jpg, IP: 0:0:0:0:0:0:0:1
2026-05-04 00:45:44.674 [http-nio-9999-exec-8] INFO  com.example.controller.FileController - 文件下载 - flag: 1619007548868, 文件: 1619007548868-v2-da81b32117040e545c3e728cdbaaebb4_1440w.jpg, IP: 0:0:0:0:0:0:0:1
2026-05-04 00:45:45.385 [http-nio-9999-exec-4] INFO  com.example.controller.FileController - 文件下载 - flag: 1619007548868, 文件: 1619007548868-v2-da81b32117040e545c3e728cdbaaebb4_1440w.jpg, IP: 0:0:0:0:0:0:0:1
2026-05-04 00:45:50.229 [http-nio-9999-exec-3] INFO  com.example.controller.FileController - 文件下载 - flag: 1619007548868, 文件: 1619007548868-v2-da81b32117040e545c3e728cdbaaebb4_1440w.jpg, IP: 0:0:0:0:0:0:0:1
2026-05-04 00:45:52.046 [http-nio-9999-exec-2] INFO  com.example.controller.FileController - 文件下载 - flag: 1619007548868, 文件: 1619007548868-v2-da81b32117040e545c3e728cdbaaebb4_1440w.jpg, IP: 0:0:0:0:0:0:0:1
2026-05-04 00:45:52.915 [http-nio-9999-exec-7] INFO  com.example.controller.FileController - 文件下载 - flag: 1619007548868, 文件: 1619007548868-v2-da81b32117040e545c3e728cdbaaebb4_1440w.jpg, IP: 0:0:0:0:0:0:0:1
2026-05-04 00:45:53.521 [http-nio-9999-exec-8] INFO  com.example.controller.FileController - 文件下载 - flag: 1619007548868, 文件: 1619007548868-v2-da81b32117040e545c3e728cdbaaebb4_1440w.jpg, IP: 0:0:0:0:0:0:0:1
2026-05-04 00:46:29.318 [http-nio-9999-exec-4] INFO  com.example.controller.FileController - 文件下载 - flag: 1619007548868, 文件: 1619007548868-v2-da81b32117040e545c3e728cdbaaebb4_1440w.jpg, IP: 0:0:0:0:0:0:0:1
2026-05-04 00:46:32.665 [http-nio-9999-exec-3] INFO  com.example.controller.FileController - 文件下载 - flag: 1619007548868, 文件: 1619007548868-v2-da81b32117040e545c3e728cdbaaebb4_1440w.jpg, IP: 0:0:0:0:0:0:0:1
2026-05-04 00:46:54.684 [http-nio-9999-exec-8] INFO  com.example.controller.FileController - 文件下载 - flag: 1619007548868, 文件: 1619007548868-v2-da81b32117040e545c3e728cdbaaebb4_1440w.jpg, IP: 0:0:0:0:0:0:0:1
2026-05-04 00:46:59.649 [http-nio-9999-exec-4] INFO  com.example.controller.FileController - 文件下载 - flag: 1619007548868, 文件: 1619007548868-v2-da81b32117040e545c3e728cdbaaebb4_1440w.jpg, IP: 0:0:0:0:0:0:0:1
2026-05-04 00:46:59.650 [http-nio-9999-exec-2] WARN  com.alibaba.druid.pool.DruidAbstractDataSource - discard long time none received connection. , jdbcUrl : jdbc:mysql://localhost:3306/test?useUnicode=true&characterEncoding=utf-8&allowMultiQueries=true&useSSL=false&serverTimezone=GMT%2b8, version : 1.2.2, lastPacketReceivedIdleMillis : 101553
2026-05-04 00:47:00.469 [http-nio-9999-exec-6] INFO  com.example.controller.FileController - 文件下载 - flag: 1619007548868, 文件: 1619007548868-v2-da81b32117040e545c3e728cdbaaebb4_1440w.jpg, IP: 0:0:0:0:0:0:0:1
2026-05-04 00:47:00.526 [http-nio-9999-exec-1] INFO  com.example.controller.FileController - 文件下载 - flag: 1619974742741, 文件: 1619974742741-89ce97956de2979f8c9481c233f4cc08.jpg, IP: 0:0:0:0:0:0:0:1
2026-05-04 00:47:00.526 [http-nio-9999-exec-2] INFO  com.example.controller.FileController - 文件下载 - flag: 1619999075860, 文件: 1619999075860--608c9667f16ae395.jpg, IP: 0:0:0:0:0:0:0:1
2026-05-04 00:47:00.526 [http-nio-9999-exec-8] INFO  com.example.controller.FileController - 文件下载 - flag: 1619974780054, 文件: 1619974780054-IMG_20210131_094431.jpg, IP: 0:0:0:0:0:0:0:1
2026-05-04 00:47:00.526 [http-nio-9999-exec-7] INFO  com.example.controller.FileController - 文件下载 - flag: 1619980059403, 文件: 1619980059403-613bd821af28f1f79b8bbf028ab06b77.jpg, IP: 0:0:0:0:0:0:0:1
2026-05-04 00:47:00.527 [http-nio-9999-exec-3] INFO  com.example.controller.FileController - 文件下载 - flag: 1619974758837, 文件: 1619974758837-613bd821af28f1f79b8bbf028ab06b77.jpg, IP: 0:0:0:0:0:0:0:1
2026-05-04 00:47:00.527 [http-nio-9999-exec-5] INFO  com.example.controller.FileController - 文件下载 - flag: 1620199166487, 文件: 1620199166487-IMG_20210131_094422.jpg, IP: 0:0:0:0:0:0:0:1
2026-05-04 00:47:01.925 [http-nio-9999-exec-7] INFO  com.example.controller.FileController - 文件下载 - flag: 1619007548868, 文件: 1619007548868-v2-da81b32117040e545c3e728cdbaaebb4_1440w.jpg, IP: 0:0:0:0:0:0:0:1
2026-05-04 00:49:14.720 [http-nio-9999-exec-6] WARN  com.alibaba.druid.pool.DruidAbstractDataSource - discard long time none received connection. , jdbcUrl : jdbc:mysql://localhost:3306/test?useUnicode=true&characterEncoding=utf-8&allowMultiQueries=true&useSSL=false&serverTimezone=GMT%2b8, version : 1.2.2, lastPacketReceivedIdleMillis : 132799
2026-05-04 00:49:14.721 [http-nio-9999-exec-6] WARN  com.alibaba.druid.pool.DruidAbstractDataSource - discard long time none received connection. , jdbcUrl : jdbc:mysql://localhost:3306/test?useUnicode=true&characterEncoding=utf-8&allowMultiQueries=true&useSSL=false&serverTimezone=GMT%2b8, version : 1.2.2, lastPacketReceivedIdleMillis : 132801
2026-05-04 00:49:14.747 [http-nio-9999-exec-7] INFO  com.example.controller.FileController - 文件下载 - flag: 1619007548868, 文件: 1619007548868-v2-da81b32117040e545c3e728cdbaaebb4_1440w.jpg, IP: 0:0:0:0:0:0:0:1
2026-05-04 00:49:15.636 [http-nio-9999-exec-10] INFO  com.example.controller.FileController - 文件下载 - flag: 1619007548868, 文件: 1619007548868-v2-da81b32117040e545c3e728cdbaaebb4_1440w.jpg, IP: 0:0:0:0:0:0:0:1
2026-05-04 00:49:16.962 [http-nio-9999-exec-3] INFO  com.example.controller.FileController - 文件下载 - flag: 1619007548868, 文件: 1619007548868-v2-da81b32117040e545c3e728cdbaaebb4_1440w.jpg, IP: 0:0:0:0:0:0:0:1
2026-05-04 00:49:18.190 [http-nio-9999-exec-7] INFO  com.example.controller.FileController - 文件下载 - flag: 1619007548868, 文件: 1619007548868-v2-da81b32117040e545c3e728cdbaaebb4_1440w.jpg, IP: 0:0:0:0:0:0:0:1
2026-05-04 00:49:18.743 [http-nio-9999-exec-5] INFO  com.example.controller.FileController - 文件下载 - flag: 1619007548868, 文件: 1619007548868-v2-da81b32117040e545c3e728cdbaaebb4_1440w.jpg, IP: 0:0:0:0:0:0:0:1
2026-05-04 00:49:19.570 [http-nio-9999-exec-4] INFO  com.example.controller.FileController - 文件下载 - flag: 1619007548868, 文件: 1619007548868-v2-da81b32117040e545c3e728cdbaaebb4_1440w.jpg, IP: 0:0:0:0:0:0:0:1
2026-05-04 00:49:20.256 [http-nio-9999-exec-10] INFO  com.example.controller.FileController - 文件下载 - flag: 1619007548868, 文件: 1619007548868-v2-da81b32117040e545c3e728cdbaaebb4_1440w.jpg, IP: 0:0:0:0:0:0:0:1
2026-05-04 00:49:20.761 [http-nio-9999-exec-3] INFO  com.example.controller.FileController - 文件下载 - flag: 1619007548868, 文件: 1619007548868-v2-da81b32117040e545c3e728cdbaaebb4_1440w.jpg, IP: 0:0:0:0:0:0:0:1
2026-05-04 00:49:22.213 [http-nio-9999-exec-1] INFO  com.example.controller.FileController - 文件下载 - flag: 1619007548868, 文件: 1619007548868-v2-da81b32117040e545c3e728cdbaaebb4_1440w.jpg, IP: 0:0:0:0:0:0:0:1
2026-05-04 00:49:22.692 [http-nio-9999-exec-2] INFO  com.example.controller.FileController - 文件下载 - flag: 1619007548868, 文件: 1619007548868-v2-da81b32117040e545c3e728cdbaaebb4_1440w.jpg, IP: 0:0:0:0:0:0:0:1
2026-05-04 00:50:41.982 [http-nio-9999-exec-2] WARN  com.alibaba.druid.pool.DruidAbstractDataSource - discard long time none received connection. , jdbcUrl : jdbc:mysql://localhost:3306/test?useUnicode=true&characterEncoding=utf-8&allowMultiQueries=true&useSSL=false&serverTimezone=GMT%2b8, version : 1.2.2, lastPacketReceivedIdleMillis : 79289
2026-05-04 00:50:41.982 [http-nio-9999-exec-5] WARN  com.alibaba.druid.pool.DruidAbstractDataSource - discard long time none received connection. , jdbcUrl : jdbc:mysql://localhost:3306/test?useUnicode=true&characterEncoding=utf-8&allowMultiQueries=true&useSSL=false&serverTimezone=GMT%2b8, version : 1.2.2, lastPacketReceivedIdleMillis : 87252
2026-05-04 00:50:42.006 [http-nio-9999-exec-10] INFO  com.example.controller.FileController - 文件下载 - flag: 1, 文件: 58c77a8475f8477fa3de72b1742aac21-0fa3343dc8b14dce635be7a9c28f60092b622.jpg, IP: 0:0:0:0:0:0:0:1
2026-05-04 00:50:56.479 [http-nio-9999-exec-4] INFO  com.example.controller.FileController - 文件下载 - flag: 1619007548868, 文件: 1619007548868-v2-da81b32117040e545c3e728cdbaaebb4_1440w.jpg, IP: 0:0:0:0:0:0:0:1
2026-05-04 00:56:13.701 [http-nio-9999-exec-8] WARN  com.alibaba.druid.pool.DruidAbstractDataSource - discard long time none received connection. , jdbcUrl : jdbc:mysql://localhost:3306/test?useUnicode=true&characterEncoding=utf-8&allowMultiQueries=true&useSSL=false&serverTimezone=GMT%2b8, version : 1.2.2, lastPacketReceivedIdleMillis : 261149
2026-05-04 00:56:13.701 [http-nio-9999-exec-8] WARN  com.alibaba.druid.pool.DruidAbstractDataSource - discard long time none received connection. , jdbcUrl : jdbc:mysql://localhost:3306/test?useUnicode=true&characterEncoding=utf-8&allowMultiQueries=true&useSSL=false&serverTimezone=GMT%2b8, version : 1.2.2, lastPacketReceivedIdleMillis : 331709
2026-05-04 00:56:23.361 [http-nio-9999-exec-5] INFO  com.example.controller.FileController - 文件下载 - flag: 1619980059403, 文件: 1619980059403-613bd821af28f1f79b8bbf028ab06b77.jpg, IP: 0:0:0:0:0:0:0:1
2026-05-04 00:56:24.012 [http-nio-9999-exec-4] INFO  com.example.controller.FileController - 文件下载 - flag: 58c77a8475f8477fa3de72b1742aac21, 文件: 58c77a8475f8477fa3de72b1742aac21-0fa3343dc8b14dce635be7a9c28f60092b622.jpg, IP: 0:0:0:0:0:0:0:1
2026-05-04 00:56:32.958 [http-nio-9999-exec-1] INFO  com.example.controller.FileController - 文件下载 - flag: 1, 文件: 58c77a8475f8477fa3de72b1742aac21-0fa3343dc8b14dce635be7a9c28f60092b622.jpg, IP: 0:0:0:0:0:0:0:1
2026-05-04 00:56:35.324 [http-nio-9999-exec-1] INFO  com.example.controller.FileController - 文件下载 - flag: 1619007548868, 文件: 1619007548868-v2-da81b32117040e545c3e728cdbaaebb4_1440w.jpg, IP: 0:0:0:0:0:0:0:1
2026-05-04 00:56:40.526 [http-nio-9999-exec-7] INFO  com.example.controller.FileController - 文件下载 - flag: 1619007548868, 文件: 1619007548868-v2-da81b32117040e545c3e728cdbaaebb4_1440w.jpg, IP: 0:0:0:0:0:0:0:1
2026-05-04 00:56:41.592 [http-nio-9999-exec-8] INFO  com.example.controller.FileController - 文件下载 - flag: 1619007548868, 文件: 1619007548868-v2-da81b32117040e545c3e728cdbaaebb4_1440w.jpg, IP: 0:0:0:0:0:0:0:1
2026-05-04 00:56:42.357 [http-nio-9999-exec-10] INFO  com.example.controller.FileController - 文件下载 - flag: 1619007548868, 文件: 1619007548868-v2-da81b32117040e545c3e728cdbaaebb4_1440w.jpg, IP: 0:0:0:0:0:0:0:1
2026-05-04 00:56:42.968 [http-nio-9999-exec-8] INFO  com.example.controller.FileController - 文件下载 - flag: 1619007548868, 文件: 1619007548868-v2-da81b32117040e545c3e728cdbaaebb4_1440w.jpg, IP: 0:0:0:0:0:0:0:1
2026-05-04 00:56:43.471 [http-nio-9999-exec-7] INFO  com.example.controller.FileController - 文件下载 - flag: 1619007548868, 文件: 1619007548868-v2-da81b32117040e545c3e728cdbaaebb4_1440w.jpg, IP: 0:0:0:0:0:0:0:1
2026-05-04 00:56:44.136 [http-nio-9999-exec-4] INFO  com.example.controller.FileController - 文件下载 - flag: 1619007548868, 文件: 1619007548868-v2-da81b32117040e545c3e728cdbaaebb4_1440w.jpg, IP: 0:0:0:0:0:0:0:1
2026-05-04 00:56:44.623 [http-nio-9999-exec-10] INFO  com.example.controller.FileController - 文件下载 - flag: 1619007548868, 文件: 1619007548868-v2-da81b32117040e545c3e728cdbaaebb4_1440w.jpg, IP: 0:0:0:0:0:0:0:1
2026-05-04 00:56:45.268 [http-nio-9999-exec-6] INFO  com.example.controller.FileController - 文件下载 - flag: 1619007548868, 文件: 1619007548868-v2-da81b32117040e545c3e728cdbaaebb4_1440w.jpg, IP: 0:0:0:0:0:0:0:1
2026-05-04 00:56:45.790 [http-nio-9999-exec-8] INFO  com.example.controller.FileController - 文件下载 - flag: 1619007548868, 文件: 1619007548868-v2-da81b32117040e545c3e728cdbaaebb4_1440w.jpg, IP: 0:0:0:0:0:0:0:1
2026-05-04 00:56:46.293 [http-nio-9999-exec-1] INFO  com.example.controller.FileController - 文件下载 - flag: 1619007548868, 文件: 1619007548868-v2-da81b32117040e545c3e728cdbaaebb4_1440w.jpg, IP: 0:0:0:0:0:0:0:1
2026-05-04 00:56:54.941 [http-nio-9999-exec-2] INFO  com.example.controller.FileController - 文件下载 - flag: 1619007548868, 文件: 1619007548868-v2-da81b32117040e545c3e728cdbaaebb4_1440w.jpg, IP: 0:0:0:0:0:0:0:1
2026-05-04 00:56:56.044 [http-nio-9999-exec-8] INFO  com.example.controller.FileController - 文件下载 - flag: 1619007548868, 文件: 1619007548868-v2-da81b32117040e545c3e728cdbaaebb4_1440w.jpg, IP: 0:0:0:0:0:0:0:1
2026-05-04 00:56:56.993 [http-nio-9999-exec-9] INFO  com.example.controller.FileController - 文件下载 - flag: 1619007548868, 文件: 1619007548868-v2-da81b32117040e545c3e728cdbaaebb4_1440w.jpg, IP: 0:0:0:0:0:0:0:1
2026-05-04 00:57:27.167 [http-nio-9999-exec-2] INFO  com.example.controller.FileController - 文件下载 - flag: 1619980059403, 文件: 1619980059403-613bd821af28f1f79b8bbf028ab06b77.jpg, IP: 0:0:0:0:0:0:0:1
2026-05-04 00:57:28.354 [http-nio-9999-exec-6] INFO  com.example.controller.FileController - 文件下载 - flag: 58c77a8475f8477fa3de72b1742aac21, 文件: 58c77a8475f8477fa3de72b1742aac21-0fa3343dc8b14dce635be7a9c28f60092b622.jpg, IP: 0:0:0:0:0:0:0:1
2026-05-04 00:59:46.587 [http-nio-9999-exec-9] WARN  com.alibaba.druid.pool.DruidAbstractDataSource - discard long time none received connection. , jdbcUrl : jdbc:mysql://localhost:3306/test?useUnicode=true&characterEncoding=utf-8&allowMultiQueries=true&useSSL=false&serverTimezone=GMT%2b8, version : 1.2.2, lastPacketReceivedIdleMillis : 138339
2026-05-04 00:59:46.587 [http-nio-9999-exec-5] WARN  com.alibaba.druid.pool.DruidAbstractDataSource - discard long time none received connection. , jdbcUrl : jdbc:mysql://localhost:3306/test?useUnicode=true&characterEncoding=utf-8&allowMultiQueries=true&useSSL=false&serverTimezone=GMT%2b8, version : 1.2.2, lastPacketReceivedIdleMillis : 191282
2026-05-04 00:59:46.587 [http-nio-9999-exec-1] WARN  com.alibaba.druid.pool.DruidAbstractDataSource - discard long time none received connection. , jdbcUrl : jdbc:mysql://localhost:3306/test?useUnicode=true&characterEncoding=utf-8&allowMultiQueries=true&useSSL=false&serverTimezone=GMT%2b8, version : 1.2.2, lastPacketReceivedIdleMillis : 191282
2026-05-04 00:59:46.603 [http-nio-9999-exec-7] INFO  com.example.controller.FileController - 文件下载 - flag: 1, 文件: 58c77a8475f8477fa3de72b1742aac21-0fa3343dc8b14dce635be7a9c28f60092b622.jpg, IP: 0:0:0:0:0:0:0:1
2026-05-04 01:00:21.778 [http-nio-9999-exec-6] INFO  com.example.controller.FileController - 文件下载 - flag: 1619980059403, 文件: 1619980059403-613bd821af28f1f79b8bbf028ab06b77.jpg, IP: 0:0:0:0:0:0:0:1
2026-05-04 01:00:22.871 [http-nio-9999-exec-5] INFO  com.example.controller.FileController - 文件下载 - flag: 1619980059403, 文件: 1619980059403-613bd821af28f1f79b8bbf028ab06b77.jpg, IP: 0:0:0:0:0:0:0:1
2026-05-04 01:00:23.330 [http-nio-9999-exec-4] INFO  com.example.controller.FileController - 文件下载 - flag: 1619980059403, 文件: 1619980059403-613bd821af28f1f79b8bbf028ab06b77.jpg, IP: 0:0:0:0:0:0:0:1
2026-05-04 01:00:23.521 [http-nio-9999-exec-1] INFO  com.example.controller.FileController - 文件下载 - flag: 1619980059403, 文件: 1619980059403-613bd821af28f1f79b8bbf028ab06b77.jpg, IP: 0:0:0:0:0:0:0:1
2026-05-04 01:00:24.032 [http-nio-9999-exec-3] INFO  com.example.controller.FileController - 文件下载 - flag: 58c77a8475f8477fa3de72b1742aac21, 文件: 58c77a8475f8477fa3de72b1742aac21-0fa3343dc8b14dce635be7a9c28f60092b622.jpg, IP: 0:0:0:0:0:0:0:1
2026-05-04 01:00:26.549 [http-nio-9999-exec-6] INFO  com.example.controller.FileController - 文件下载 - flag: 1, 文件: 58c77a8475f8477fa3de72b1742aac21-0fa3343dc8b14dce635be7a9c28f60092b622.jpg, IP: 0:0:0:0:0:0:0:1
2026-05-04 01:00:31.665 [http-nio-9999-exec-3] INFO  com.example.controller.FileController - 文件下载 - flag: 1619007548868, 文件: 1619007548868-v2-da81b32117040e545c3e728cdbaaebb4_1440w.jpg, IP: 0:0:0:0:0:0:0:1
2026-05-04 01:00:32.861 [http-nio-9999-exec-1] INFO  com.example.controller.FileController - 文件下载 - flag: 1619007548868, 文件: 1619007548868-v2-da81b32117040e545c3e728cdbaaebb4_1440w.jpg, IP: 0:0:0:0:0:0:0:1
2026-05-04 01:00:34.698 [http-nio-9999-exec-4] INFO  com.example.controller.FileController - 文件下载 - flag: 1619007548868, 文件: 1619007548868-v2-da81b32117040e545c3e728cdbaaebb4_1440w.jpg, IP: 0:0:0:0:0:0:0:1
2026-05-04 01:00:36.060 [http-nio-9999-exec-9] INFO  com.example.controller.FileController - 文件下载 - flag: 1619007548868, 文件: 1619007548868-v2-da81b32117040e545c3e728cdbaaebb4_1440w.jpg, IP: 0:0:0:0:0:0:0:1
2026-05-04 01:00:38.085 [http-nio-9999-exec-4] INFO  com.example.controller.FileController - 文件下载 - flag: 1619007548868, 文件: 1619007548868-v2-da81b32117040e545c3e728cdbaaebb4_1440w.jpg, IP: 0:0:0:0:0:0:0:1
2026-05-04 01:00:49.470 [http-nio-9999-exec-2] WARN  com.example.controller.FileController - 文件未找到 - flag: undefined, IP: 0:0:0:0:0:0:0:1
2026-05-04 01:01:03.686 [http-nio-9999-exec-1] INFO  com.example.controller.FileController - 文件下载 - flag: 1, 文件: 58c77a8475f8477fa3de72b1742aac21-0fa3343dc8b14dce635be7a9c28f60092b622.jpg, IP: 0:0:0:0:0:0:0:1
2026-05-04 01:01:22.624 [http-nio-9999-exec-10] INFO  com.example.controller.FileController - 文件下载 - flag: 58c77a8475f8477fa3de72b1742aac21, 文件: 58c77a8475f8477fa3de72b1742aac21-0fa3343dc8b14dce635be7a9c28f60092b622.jpg, IP: 0:0:0:0:0:0:0:1
2026-05-04 01:01:25.519 [http-nio-9999-exec-10] INFO  com.example.controller.FileController - 文件下载 - flag: 1, 文件: 58c77a8475f8477fa3de72b1742aac21-0fa3343dc8b14dce635be7a9c28f60092b622.jpg, IP: 0:0:0:0:0:0:0:1
2026-05-04 01:01:29.962 [http-nio-9999-exec-1] INFO  com.example.controller.FileController - 文件下载 - flag: 58c77a8475f8477fa3de72b1742aac21, 文件: 58c77a8475f8477fa3de72b1742aac21-0fa3343dc8b14dce635be7a9c28f60092b622.jpg, IP: 0:0:0:0:0:0:0:1
2026-05-04 01:01:33.438 [http-nio-9999-exec-3] INFO  com.example.controller.FileController - 文件下载 - flag: 1, 文件: 58c77a8475f8477fa3de72b1742aac21-0fa3343dc8b14dce635be7a9c28f60092b622.jpg, IP: 0:0:0:0:0:0:0:1
2026-05-04 01:01:37.373 [http-nio-9999-exec-2] INFO  com.example.component.WebSocketServer - 有新用户加入，username=999, 当前在线人数为：1
2026-05-04 01:01:37.378 [http-nio-9999-exec-6] INFO  com.example.controller.FileController - 文件下载 - flag: 1, 文件: 58c77a8475f8477fa3de72b1742aac21-0fa3343dc8b14dce635be7a9c28f60092b622.jpg, IP: 0:0:0:0:0:0:0:1
2026-05-04 01:01:38.676 [http-nio-9999-exec-1] INFO  com.example.component.WebSocketServer - 有一连接关闭，移除username=999的用户session, 当前在线人数为：0
2026-05-04 01:01:38.715 [http-nio-9999-exec-5] INFO  com.example.controller.FileController - 文件下载 - flag: 1, 文件: 58c77a8475f8477fa3de72b1742aac21-0fa3343dc8b14dce635be7a9c28f60092b622.jpg, IP: 0:0:0:0:0:0:0:1
2026-05-04 01:01:38.748 [http-nio-9999-exec-10] INFO  com.example.controller.FileController - 文件下载 - flag: 58c77a8475f8477fa3de72b1742aac21, 文件: 58c77a8475f8477fa3de72b1742aac21-0fa3343dc8b14dce635be7a9c28f60092b622.jpg, IP: 0:0:0:0:0:0:0:1
2026-05-04 01:01:39.438 [http-nio-9999-exec-3] INFO  com.example.component.WebSocketServer - 有新用户加入，username=999, 当前在线人数为：1
2026-05-04 01:01:39.443 [http-nio-9999-exec-1] INFO  com.example.controller.FileController - 文件下载 - flag: 1, 文件: 58c77a8475f8477fa3de72b1742aac21-0fa3343dc8b14dce635be7a9c28f60092b622.jpg, IP: 0:0:0:0:0:0:0:1
2026-05-04 01:01:40.912 [http-nio-9999-exec-5] INFO  com.example.component.WebSocketServer - 有一连接关闭，移除username=999的用户session, 当前在线人数为：0
2026-05-04 01:01:40.950 [http-nio-9999-exec-6] INFO  com.example.controller.FileController - 文件下载 - flag: 1, 文件: 58c77a8475f8477fa3de72b1742aac21-0fa3343dc8b14dce635be7a9c28f60092b622.jpg, IP: 0:0:0:0:0:0:0:1
2026-05-04 01:01:41.009 [http-nio-9999-exec-2] INFO  com.example.controller.FileController - 文件下载 - flag: 58c77a8475f8477fa3de72b1742aac21, 文件: 58c77a8475f8477fa3de72b1742aac21-0fa3343dc8b14dce635be7a9c28f60092b622.jpg, IP: 0:0:0:0:0:0:0:1
2026-05-04 01:01:45.407 [http-nio-9999-exec-8] INFO  com.example.component.WebSocketServer - 有新用户加入，username=999, 当前在线人数为：1
2026-05-04 01:01:45.413 [http-nio-9999-exec-9] INFO  com.example.controller.FileController - 文件下载 - flag: 1, 文件: 58c77a8475f8477fa3de72b1742aac21-0fa3343dc8b14dce635be7a9c28f60092b622.jpg, IP: 0:0:0:0:0:0:0:1
2026-05-04 01:01:49.434 [http-nio-9999-exec-2] INFO  com.example.component.WebSocketServer - 服务端收到用户username=999的消息:{"text":"2"}
2026-05-04 01:01:54.618 [http-nio-9999-exec-10] INFO  com.example.component.WebSocketServer - 有新用户加入，username=2396706066, 当前在线人数为：2
2026-05-04 01:01:54.627 [http-nio-9999-exec-3] INFO  com.example.controller.FileController - 文件下载 - flag: 1, 文件: 58c77a8475f8477fa3de72b1742aac21-0fa3343dc8b14dce635be7a9c28f60092b622.jpg, IP: 0:0:0:0:0:0:0:1
2026-05-04 01:02:12.839 [http-nio-9999-exec-5] INFO  com.example.component.WebSocketServer - 服务端收到用户username=999的消息:{"text":"1"}
2026-05-04 01:02:25.142 [http-nio-9999-exec-5] INFO  com.example.controller.FileController - 文件下载 - flag: 1619007548868, 文件: 1619007548868-v2-da81b32117040e545c3e728cdbaaebb4_1440w.jpg, IP: 0:0:0:0:0:0:0:1
2026-05-04 01:02:30.667 [http-nio-9999-exec-6] INFO  com.example.component.WebSocketServer - 有一连接关闭，移除username=2396706066的用户session, 当前在线人数为：1
2026-05-04 01:02:30.740 [http-nio-9999-exec-4] INFO  com.example.controller.FileController - 文件下载 - flag: 1, 文件: 58c77a8475f8477fa3de72b1742aac21-0fa3343dc8b14dce635be7a9c28f60092b622.jpg, IP: 0:0:0:0:0:0:0:1
2026-05-04 01:02:32.384 [http-nio-9999-exec-2] INFO  com.example.controller.FileController - 文件下载 - flag: 1, 文件: 58c77a8475f8477fa3de72b1742aac21-0fa3343dc8b14dce635be7a9c28f60092b622.jpg, IP: 0:0:0:0:0:0:0:1
2026-05-04 01:02:32.407 [http-nio-9999-exec-9] INFO  com.example.controller.FileController - 文件下载 - flag: 58c77a8475f8477fa3de72b1742aac21, 文件: 58c77a8475f8477fa3de72b1742aac21-0fa3343dc8b14dce635be7a9c28f60092b622.jpg, IP: 0:0:0:0:0:0:0:1
2026-05-04 01:02:33.246 [http-nio-9999-exec-6] INFO  com.example.controller.FileController - 文件下载 - flag: 1, 文件: 58c77a8475f8477fa3de72b1742aac21-0fa3343dc8b14dce635be7a9c28f60092b622.jpg, IP: 0:0:0:0:0:0:0:1
2026-05-04 01:02:33.292 [http-nio-9999-exec-7] INFO  com.example.controller.FileController - 文件下载 - flag: 1619980059403, 文件: 1619980059403-613bd821af28f1f79b8bbf028ab06b77.jpg, IP: 0:0:0:0:0:0:0:1
2026-05-04 01:02:34.194 [http-nio-9999-exec-1] INFO  com.example.controller.FileController - 文件下载 - flag: 1, 文件: 58c77a8475f8477fa3de72b1742aac21-0fa3343dc8b14dce635be7a9c28f60092b622.jpg, IP: 0:0:0:0:0:0:0:1
2026-05-04 01:02:35.228 [http-nio-9999-exec-6] INFO  com.example.component.WebSocketServer - 有新用户加入，username=2396706066, 当前在线人数为：2
2026-05-04 01:02:35.234 [http-nio-9999-exec-8] INFO  com.example.controller.FileController - 文件下载 - flag: 1, 文件: 58c77a8475f8477fa3de72b1742aac21-0fa3343dc8b14dce635be7a9c28f60092b622.jpg, IP: 0:0:0:0:0:0:0:1
2026-05-04 01:02:36.862 [http-nio-9999-exec-1] INFO  com.example.component.WebSocketServer - 有一连接关闭，移除username=2396706066的用户session, 当前在线人数为：1
2026-05-04 01:02:36.924 [http-nio-9999-exec-5] INFO  com.example.controller.FileController - 文件下载 - flag: 1, 文件: 58c77a8475f8477fa3de72b1742aac21-0fa3343dc8b14dce635be7a9c28f60092b622.jpg, IP: 0:0:0:0:0:0:0:1
2026-05-04 01:02:38.457 [http-nio-9999-exec-6] INFO  com.example.controller.FileController - 文件下载 - flag: 1619980059403, 文件: 1619980059403-613bd821af28f1f79b8bbf028ab06b77.jpg, IP: 0:0:0:0:0:0:0:1
2026-05-04 01:02:44.882 [http-nio-9999-exec-10] INFO  com.example.controller.FileController - 文件下载 - flag: 1619980059403, 文件: 1619980059403-613bd821af28f1f79b8bbf028ab06b77.jpg, IP: 0:0:0:0:0:0:0:1
2026-05-04 01:02:46.046 [http-nio-9999-exec-3] INFO  com.example.controller.FileController - 文件下载 - flag: 1619980059403, 文件: 1619980059403-613bd821af28f1f79b8bbf028ab06b77.jpg, IP: 0:0:0:0:0:0:0:1
2026-05-04 01:02:46.603 [http-nio-9999-exec-2] INFO  com.example.controller.FileController - 文件下载 - flag: 58c77a8475f8477fa3de72b1742aac21, 文件: 58c77a8475f8477fa3de72b1742aac21-0fa3343dc8b14dce635be7a9c28f60092b622.jpg, IP: 0:0:0:0:0:0:0:1
2026-05-04 01:03:25.826 [http-nio-9999-exec-9] INFO  com.example.controller.FileController - 文件下载 - flag: 1, 文件: 58c77a8475f8477fa3de72b1742aac21-0fa3343dc8b14dce635be7a9c28f60092b622.jpg, IP: 0:0:0:0:0:0:0:1
